2019-02-02T09:45:15.365Z [31merror[39m: uncaughtException: morgan is not defined
ReferenceError: morgan is not defined
    at Object.<anonymous> (C:\Users\pc\Desktop\node\sequelizeApp\app.js:15:5)
    at Module._compile (module.js:652:30)
    at Object.Module._extensions..js (module.js:663:10)
    at Module.load (module.js:565:32)
    at tryModuleLoad (module.js:505:12)
    at Function.Module._load (module.js:497:3)
    at Module.require (module.js:596:17)
    at require (internal/module.js:11:18)
    at Object.<anonymous> (C:\Users\pc\Desktop\node\sequelizeApp\bin\www:7:11)
    at Module._compile (module.js:652:30)
    at Object.Module._extensions..js (module.js:663:10)
    at Module.load (module.js:565:32)
    at tryModuleLoad (module.js:505:12)
    at Function.Module._load (module.js:497:3)
    at Function.Module.runMain (module.js:693:10)
    at startup (bootstrap_node.js:191:16)
    at bootstrap_node.js:612:3
2019-02-02T19:57:07.318Z [31merror[39m: uncaughtException: morgan is not defined
ReferenceError: morgan is not defined
    at Object.<anonymous> (C:\Users\pc\Desktop\node\sequelizeApp\app.js:15:5)
    at Module._compile (module.js:652:30)
    at Object.Module._extensions..js (module.js:663:10)
    at Module.load (module.js:565:32)
    at tryModuleLoad (module.js:505:12)
    at Function.Module._load (module.js:497:3)
    at Module.require (module.js:596:17)
    at require (internal/module.js:11:18)
    at Object.<anonymous> (C:\Users\pc\Desktop\node\sequelizeApp\bin\www:7:11)
    at Module._compile (module.js:652:30)
    at Object.Module._extensions..js (module.js:663:10)
    at Module.load (module.js:565:32)
    at tryModuleLoad (module.js:505:12)
    at Function.Module._load (module.js:497:3)
    at Function.Module.runMain (module.js:693:10)
    at startup (bootstrap_node.js:191:16)
    at bootstrap_node.js:612:3
2019-02-02T19:57:49.647Z [31merror[39m: uncaughtException: morgan is not defined
ReferenceError: morgan is not defined
    at Object.<anonymous> (C:\Users\pc\Desktop\node\sequelizeApp\app.js:15:5)
    at Module._compile (module.js:652:30)
    at Object.Module._extensions..js (module.js:663:10)
    at Module.load (module.js:565:32)
    at tryModuleLoad (module.js:505:12)
    at Function.Module._load (module.js:497:3)
    at Module.require (module.js:596:17)
    at require (internal/module.js:11:18)
    at Object.<anonymous> (C:\Users\pc\Desktop\node\sequelizeApp\bin\www:7:11)
    at Module._compile (module.js:652:30)
    at Object.Module._extensions..js (module.js:663:10)
    at Module.load (module.js:565:32)
    at tryModuleLoad (module.js:505:12)
    at Function.Module._load (module.js:497:3)
    at Function.Module.runMain (module.js:693:10)
    at startup (bootstrap_node.js:191:16)
    at bootstrap_node.js:612:3
2019-02-02T20:21:06.564Z [31merror[39m: uncaughtException: morgan is not defined
ReferenceError: morgan is not defined
    at Object.<anonymous> (C:\Users\pc\Desktop\node\sequelizeApp\app.js:15:5)
    at Module._compile (module.js:652:30)
    at Object.Module._extensions..js (module.js:663:10)
    at Module.load (module.js:565:32)
    at tryModuleLoad (module.js:505:12)
    at Function.Module._load (module.js:497:3)
    at Module.require (module.js:596:17)
    at require (internal/module.js:11:18)
    at Object.<anonymous> (C:\Users\pc\Desktop\node\sequelizeApp\bin\www:7:11)
    at Module._compile (module.js:652:30)
    at Object.Module._extensions..js (module.js:663:10)
    at Module.load (module.js:565:32)
    at tryModuleLoad (module.js:505:12)
    at Function.Module._load (module.js:497:3)
    at Function.Module.runMain (module.js:693:10)
    at startup (bootstrap_node.js:191:16)
    at bootstrap_node.js:612:3
2019-02-02T20:22:43.692Z [31merror[39m: uncaughtException: morgan is not defined
ReferenceError: morgan is not defined
    at Object.<anonymous> (C:\Users\pc\Desktop\node\sequelizeApp\app.js:15:5)
    at Module._compile (module.js:652:30)
    at Object.Module._extensions..js (module.js:663:10)
    at Module.load (module.js:565:32)
    at tryModuleLoad (module.js:505:12)
    at Function.Module._load (module.js:497:3)
    at Module.require (module.js:596:17)
    at require (internal/module.js:11:18)
    at Object.<anonymous> (C:\Users\pc\Desktop\node\sequelizeApp\bin\www:7:11)
    at Module._compile (module.js:652:30)
    at Object.Module._extensions..js (module.js:663:10)
    at Module.load (module.js:565:32)
    at tryModuleLoad (module.js:505:12)
    at Function.Module._load (module.js:497:3)
    at Function.Module.runMain (module.js:693:10)
    at startup (bootstrap_node.js:191:16)
    at bootstrap_node.js:612:3
2019-02-02T20:22:51.478Z [31merror[39m: uncaughtException: morgan is not defined
ReferenceError: morgan is not defined
    at Object.<anonymous> (C:\Users\pc\Desktop\node\sequelizeApp\app.js:15:5)
    at Module._compile (module.js:652:30)
    at Object.Module._extensions..js (module.js:663:10)
    at Module.load (module.js:565:32)
    at tryModuleLoad (module.js:505:12)
    at Function.Module._load (module.js:497:3)
    at Module.require (module.js:596:17)
    at require (internal/module.js:11:18)
    at Object.<anonymous> (C:\Users\pc\Desktop\node\sequelizeApp\bin\www:7:11)
    at Module._compile (module.js:652:30)
    at Object.Module._extensions..js (module.js:663:10)
    at Module.load (module.js:565:32)
    at tryModuleLoad (module.js:505:12)
    at Function.Module._load (module.js:497:3)
    at Function.Module.runMain (module.js:693:10)
    at startup (bootstrap_node.js:191:16)
    at bootstrap_node.js:612:3
2019-02-02T20:22:57.554Z [31merror[39m: uncaughtException: morgan is not defined
ReferenceError: morgan is not defined
    at Object.<anonymous> (C:\Users\pc\Desktop\node\sequelizeApp\app.js:15:5)
    at Module._compile (module.js:652:30)
    at Object.Module._extensions..js (module.js:663:10)
    at Module.load (module.js:565:32)
    at tryModuleLoad (module.js:505:12)
    at Function.Module._load (module.js:497:3)
    at Module.require (module.js:596:17)
    at require (internal/module.js:11:18)
    at Object.<anonymous> (C:\Users\pc\Desktop\node\sequelizeApp\bin\www:7:11)
    at Module._compile (module.js:652:30)
    at Object.Module._extensions..js (module.js:663:10)
    at Module.load (module.js:565:32)
    at tryModuleLoad (module.js:505:12)
    at Function.Module._load (module.js:497:3)
    at Function.Module.runMain (module.js:693:10)
    at startup (bootstrap_node.js:191:16)
    at bootstrap_node.js:612:3
2019-02-02T20:24:33.818Z [31merror[39m: uncaughtException: Cannot find module 'express-joi-validation'
Error: Cannot find module 'express-joi-validation'
    at Function.Module._resolveFilename (module.js:547:15)
    at Function.Module._load (module.js:474:25)
    at Module.require (module.js:596:17)
    at require (internal/module.js:11:18)
    at Object.<anonymous> (C:\Users\pc\Desktop\node\sequelizeApp\routes\books.js:5:19)
    at Module._compile (module.js:652:30)
    at Object.Module._extensions..js (module.js:663:10)
    at Module.load (module.js:565:32)
    at tryModuleLoad (module.js:505:12)
    at Function.Module._load (module.js:497:3)
    at Module.require (module.js:596:17)
    at require (internal/module.js:11:18)
    at Object.<anonymous> (C:\Users\pc\Desktop\node\sequelizeApp\routes\index.js:4:22)
    at Module._compile (module.js:652:30)
    at Object.Module._extensions..js (module.js:663:10)
    at Module.load (module.js:565:32)
    at tryModuleLoad (module.js:505:12)
    at Function.Module._load (module.js:497:3)
    at Module.require (module.js:596:17)
    at require (internal/module.js:11:18)
    at Object.<anonymous> (C:\Users\pc\Desktop\node\sequelizeApp\app.js:8:19)
    at Module._compile (module.js:652:30)
2019-02-02T20:25:52.195Z [31merror[39m: uncaughtException: Cannot find module 'express-joi-validation'
Error: Cannot find module 'express-joi-validation'
    at Function.Module._resolveFilename (module.js:547:15)
    at Function.Module._load (module.js:474:25)
    at Module.require (module.js:596:17)
    at require (internal/module.js:11:18)
    at Object.<anonymous> (C:\Users\pc\Desktop\node\sequelizeApp\routes\books.js:5:19)
    at Module._compile (module.js:652:30)
    at Object.Module._extensions..js (module.js:663:10)
    at Module.load (module.js:565:32)
    at tryModuleLoad (module.js:505:12)
    at Function.Module._load (module.js:497:3)
    at Module.require (module.js:596:17)
    at require (internal/module.js:11:18)
    at Object.<anonymous> (C:\Users\pc\Desktop\node\sequelizeApp\routes\index.js:4:22)
    at Module._compile (module.js:652:30)
    at Object.Module._extensions..js (module.js:663:10)
    at Module.load (module.js:565:32)
    at tryModuleLoad (module.js:505:12)
    at Function.Module._load (module.js:497:3)
    at Module.require (module.js:596:17)
    at require (internal/module.js:11:18)
    at Object.<anonymous> (C:\Users\pc\Desktop\node\sequelizeApp\app.js:8:19)
    at Module._compile (module.js:652:30)
2019-02-02T20:26:05.428Z [31merror[39m: uncaughtException: Cannot find module 'express-joi-validation'
Error: Cannot find module 'express-joi-validation'
    at Function.Module._resolveFilename (module.js:547:15)
    at Function.Module._load (module.js:474:25)
    at Module.require (module.js:596:17)
    at require (internal/module.js:11:18)
    at Object.<anonymous> (C:\Users\pc\Desktop\node\sequelizeApp\routes\books.js:5:19)
    at Module._compile (module.js:652:30)
    at Object.Module._extensions..js (module.js:663:10)
    at Module.load (module.js:565:32)
    at tryModuleLoad (module.js:505:12)
    at Function.Module._load (module.js:497:3)
    at Module.require (module.js:596:17)
    at require (internal/module.js:11:18)
    at Object.<anonymous> (C:\Users\pc\Desktop\node\sequelizeApp\routes\index.js:4:22)
    at Module._compile (module.js:652:30)
    at Object.Module._extensions..js (module.js:663:10)
    at Module.load (module.js:565:32)
    at tryModuleLoad (module.js:505:12)
    at Function.Module._load (module.js:497:3)
    at Module.require (module.js:596:17)
    at require (internal/module.js:11:18)
    at Object.<anonymous> (C:\Users\pc\Desktop\node\sequelizeApp\app.js:8:19)
    at Module._compile (module.js:652:30)
2019-02-02T20:26:07.180Z [31merror[39m: uncaughtException: Cannot find module 'express-joi-validation'
Error: Cannot find module 'express-joi-validation'
    at Function.Module._resolveFilename (module.js:547:15)
    at Function.Module._load (module.js:474:25)
    at Module.require (module.js:596:17)
    at require (internal/module.js:11:18)
    at Object.<anonymous> (C:\Users\pc\Desktop\node\sequelizeApp\routes\books.js:5:19)
    at Module._compile (module.js:652:30)
    at Object.Module._extensions..js (module.js:663:10)
    at Module.load (module.js:565:32)
    at tryModuleLoad (module.js:505:12)
    at Function.Module._load (module.js:497:3)
    at Module.require (module.js:596:17)
    at require (internal/module.js:11:18)
    at Object.<anonymous> (C:\Users\pc\Desktop\node\sequelizeApp\routes\index.js:4:22)
    at Module._compile (module.js:652:30)
    at Object.Module._extensions..js (module.js:663:10)
    at Module.load (module.js:565:32)
    at tryModuleLoad (module.js:505:12)
    at Function.Module._load (module.js:497:3)
    at Module.require (module.js:596:17)
    at require (internal/module.js:11:18)
    at Object.<anonymous> (C:\Users\pc\Desktop\node\sequelizeApp\app.js:8:19)
    at Module._compile (module.js:652:30)
2019-02-02T20:27:05.376Z [31merror[39m: uncaughtException: Cannot find module 'express-joi-validation'
Error: Cannot find module 'express-joi-validation'
    at Function.Module._resolveFilename (module.js:547:15)
    at Function.Module._load (module.js:474:25)
    at Module.require (module.js:596:17)
    at require (internal/module.js:11:18)
    at Object.<anonymous> (C:\Users\pc\Desktop\node\sequelizeApp\routes\books.js:5:19)
    at Module._compile (module.js:652:30)
    at Object.Module._extensions..js (module.js:663:10)
    at Module.load (module.js:565:32)
    at tryModuleLoad (module.js:505:12)
    at Function.Module._load (module.js:497:3)
    at Module.require (module.js:596:17)
    at require (internal/module.js:11:18)
    at Object.<anonymous> (C:\Users\pc\Desktop\node\sequelizeApp\routes\index.js:4:22)
    at Module._compile (module.js:652:30)
    at Object.Module._extensions..js (module.js:663:10)
    at Module.load (module.js:565:32)
    at tryModuleLoad (module.js:505:12)
    at Function.Module._load (module.js:497:3)
    at Module.require (module.js:596:17)
    at require (internal/module.js:11:18)
    at Object.<anonymous> (C:\Users\pc\Desktop\node\sequelizeApp\app.js:8:19)
    at Module._compile (module.js:652:30)
2019-02-02T20:27:26.280Z [31merror[39m: uncaughtException: Cannot find module 'express-joi-validation'
Error: Cannot find module 'express-joi-validation'
    at Function.Module._resolveFilename (module.js:547:15)
    at Function.Module._load (module.js:474:25)
    at Module.require (module.js:596:17)
    at require (internal/module.js:11:18)
    at Object.<anonymous> (C:\Users\pc\Desktop\node\sequelizeApp\routes\books.js:5:19)
    at Module._compile (module.js:652:30)
    at Object.Module._extensions..js (module.js:663:10)
    at Module.load (module.js:565:32)
    at tryModuleLoad (module.js:505:12)
    at Function.Module._load (module.js:497:3)
    at Module.require (module.js:596:17)
    at require (internal/module.js:11:18)
    at Object.<anonymous> (C:\Users\pc\Desktop\node\sequelizeApp\routes\index.js:4:22)
    at Module._compile (module.js:652:30)
    at Object.Module._extensions..js (module.js:663:10)
    at Module.load (module.js:565:32)
    at tryModuleLoad (module.js:505:12)
    at Function.Module._load (module.js:497:3)
    at Module.require (module.js:596:17)
    at require (internal/module.js:11:18)
    at Object.<anonymous> (C:\Users\pc\Desktop\node\sequelizeApp\app.js:8:19)
    at Module._compile (module.js:652:30)
2019-02-02T20:27:48.759Z [31merror[39m: uncaughtException: Cannot find module 'express-joi-validation'
Error: Cannot find module 'express-joi-validation'
    at Function.Module._resolveFilename (module.js:547:15)
    at Function.Module._load (module.js:474:25)
    at Module.require (module.js:596:17)
    at require (internal/module.js:11:18)
    at Object.<anonymous> (C:\Users\pc\Desktop\node\sequelizeApp\routes\books.js:5:19)
    at Module._compile (module.js:652:30)
    at Object.Module._extensions..js (module.js:663:10)
    at Module.load (module.js:565:32)
    at tryModuleLoad (module.js:505:12)
    at Function.Module._load (module.js:497:3)
    at Module.require (module.js:596:17)
    at require (internal/module.js:11:18)
    at Object.<anonymous> (C:\Users\pc\Desktop\node\sequelizeApp\routes\index.js:4:22)
    at Module._compile (module.js:652:30)
    at Object.Module._extensions..js (module.js:663:10)
    at Module.load (module.js:565:32)
    at tryModuleLoad (module.js:505:12)
    at Function.Module._load (module.js:497:3)
    at Module.require (module.js:596:17)
    at require (internal/module.js:11:18)
    at Object.<anonymous> (C:\Users\pc\Desktop\node\sequelizeApp\app.js:8:19)
    at Module._compile (module.js:652:30)
2019-02-02T20:27:58.417Z [31merror[39m: uncaughtException: Cannot find module 'express-joi-validation'
Error: Cannot find module 'express-joi-validation'
    at Function.Module._resolveFilename (module.js:547:15)
    at Function.Module._load (module.js:474:25)
    at Module.require (module.js:596:17)
    at require (internal/module.js:11:18)
    at Object.<anonymous> (C:\Users\pc\Desktop\node\sequelizeApp\routes\books.js:5:19)
    at Module._compile (module.js:652:30)
    at Object.Module._extensions..js (module.js:663:10)
    at Module.load (module.js:565:32)
    at tryModuleLoad (module.js:505:12)
    at Function.Module._load (module.js:497:3)
    at Module.require (module.js:596:17)
    at require (internal/module.js:11:18)
    at Object.<anonymous> (C:\Users\pc\Desktop\node\sequelizeApp\routes\index.js:4:22)
    at Module._compile (module.js:652:30)
    at Object.Module._extensions..js (module.js:663:10)
    at Module.load (module.js:565:32)
    at tryModuleLoad (module.js:505:12)
    at Function.Module._load (module.js:497:3)
    at Module.require (module.js:596:17)
    at require (internal/module.js:11:18)
    at Object.<anonymous> (C:\Users\pc\Desktop\node\sequelizeApp\app.js:8:19)
    at Module._compile (module.js:652:30)
2019-02-02T20:28:54.182Z [31merror[39m: uncaughtException: Cannot find module 'express-joi-validation'
Error: Cannot find module 'express-joi-validation'
    at Function.Module._resolveFilename (module.js:547:15)
    at Function.Module._load (module.js:474:25)
    at Module.require (module.js:596:17)
    at require (internal/module.js:11:18)
    at Object.<anonymous> (C:\Users\pc\Desktop\node\sequelizeApp\routes\books.js:5:19)
    at Module._compile (module.js:652:30)
    at Object.Module._extensions..js (module.js:663:10)
    at Module.load (module.js:565:32)
    at tryModuleLoad (module.js:505:12)
    at Function.Module._load (module.js:497:3)
    at Module.require (module.js:596:17)
    at require (internal/module.js:11:18)
    at Object.<anonymous> (C:\Users\pc\Desktop\node\sequelizeApp\routes\index.js:4:22)
    at Module._compile (module.js:652:30)
    at Object.Module._extensions..js (module.js:663:10)
    at Module.load (module.js:565:32)
    at tryModuleLoad (module.js:505:12)
    at Function.Module._load (module.js:497:3)
    at Module.require (module.js:596:17)
    at require (internal/module.js:11:18)
    at Object.<anonymous> (C:\Users\pc\Desktop\node\sequelizeApp\app.js:8:19)
    at Module._compile (module.js:652:30)
2019-02-02T20:29:35.052Z [31merror[39m: uncaughtException: Cannot find module 'express-joi-validation'
Error: Cannot find module 'express-joi-validation'
    at Function.Module._resolveFilename (module.js:547:15)
    at Function.Module._load (module.js:474:25)
    at Module.require (module.js:596:17)
    at require (internal/module.js:11:18)
    at Object.<anonymous> (C:\Users\pc\Desktop\node\sequelizeApp\routes\books.js:5:19)
    at Module._compile (module.js:652:30)
    at Object.Module._extensions..js (module.js:663:10)
    at Module.load (module.js:565:32)
    at tryModuleLoad (module.js:505:12)
    at Function.Module._load (module.js:497:3)
    at Module.require (module.js:596:17)
    at require (internal/module.js:11:18)
    at Object.<anonymous> (C:\Users\pc\Desktop\node\sequelizeApp\routes\index.js:4:22)
    at Module._compile (module.js:652:30)
    at Object.Module._extensions..js (module.js:663:10)
    at Module.load (module.js:565:32)
    at tryModuleLoad (module.js:505:12)
    at Function.Module._load (module.js:497:3)
    at Module.require (module.js:596:17)
    at require (internal/module.js:11:18)
    at Object.<anonymous> (C:\Users\pc\Desktop\node\sequelizeApp\app.js:8:19)
    at Module._compile (module.js:652:30)
2019-02-02T20:29:49.492Z [31merror[39m: uncaughtException: Cannot find module 'express-joi-validation'
Error: Cannot find module 'express-joi-validation'
    at Function.Module._resolveFilename (module.js:547:15)
    at Function.Module._load (module.js:474:25)
    at Module.require (module.js:596:17)
    at require (internal/module.js:11:18)
    at Object.<anonymous> (C:\Users\pc\Desktop\node\sequelizeApp\routes\books.js:5:19)
    at Module._compile (module.js:652:30)
    at Object.Module._extensions..js (module.js:663:10)
    at Module.load (module.js:565:32)
    at tryModuleLoad (module.js:505:12)
    at Function.Module._load (module.js:497:3)
    at Module.require (module.js:596:17)
    at require (internal/module.js:11:18)
    at Object.<anonymous> (C:\Users\pc\Desktop\node\sequelizeApp\routes\index.js:4:22)
    at Module._compile (module.js:652:30)
    at Object.Module._extensions..js (module.js:663:10)
    at Module.load (module.js:565:32)
    at tryModuleLoad (module.js:505:12)
    at Function.Module._load (module.js:497:3)
    at Module.require (module.js:596:17)
    at require (internal/module.js:11:18)
    at Object.<anonymous> (C:\Users\pc\Desktop\node\sequelizeApp\app.js:8:19)
    at Module._compile (module.js:652:30)
2019-02-02T20:30:17.338Z [31merror[39m: uncaughtException: Cannot find module 'express-joi-validation'
Error: Cannot find module 'express-joi-validation'
    at Function.Module._resolveFilename (module.js:547:15)
    at Function.Module._load (module.js:474:25)
    at Module.require (module.js:596:17)
    at require (internal/module.js:11:18)
    at Object.<anonymous> (C:\Users\pc\Desktop\node\sequelizeApp\routes\books.js:5:19)
    at Module._compile (module.js:652:30)
    at Object.Module._extensions..js (module.js:663:10)
    at Module.load (module.js:565:32)
    at tryModuleLoad (module.js:505:12)
    at Function.Module._load (module.js:497:3)
    at Module.require (module.js:596:17)
    at require (internal/module.js:11:18)
    at Object.<anonymous> (C:\Users\pc\Desktop\node\sequelizeApp\routes\index.js:4:22)
    at Module._compile (module.js:652:30)
    at Object.Module._extensions..js (module.js:663:10)
    at Module.load (module.js:565:32)
    at tryModuleLoad (module.js:505:12)
    at Function.Module._load (module.js:497:3)
    at Module.require (module.js:596:17)
    at require (internal/module.js:11:18)
    at Object.<anonymous> (C:\Users\pc\Desktop\node\sequelizeApp\app.js:8:19)
    at Module._compile (module.js:652:30)
2019-02-02T20:30:29.819Z [31merror[39m: uncaughtException: Cannot find module 'express-joi-validation'
Error: Cannot find module 'express-joi-validation'
    at Function.Module._resolveFilename (module.js:547:15)
    at Function.Module._load (module.js:474:25)
    at Module.require (module.js:596:17)
    at require (internal/module.js:11:18)
    at Object.<anonymous> (C:\Users\pc\Desktop\node\sequelizeApp\routes\books.js:5:19)
    at Module._compile (module.js:652:30)
    at Object.Module._extensions..js (module.js:663:10)
    at Module.load (module.js:565:32)
    at tryModuleLoad (module.js:505:12)
    at Function.Module._load (module.js:497:3)
    at Module.require (module.js:596:17)
    at require (internal/module.js:11:18)
    at Object.<anonymous> (C:\Users\pc\Desktop\node\sequelizeApp\routes\index.js:4:22)
    at Module._compile (module.js:652:30)
    at Object.Module._extensions..js (module.js:663:10)
    at Module.load (module.js:565:32)
    at tryModuleLoad (module.js:505:12)
    at Function.Module._load (module.js:497:3)
    at Module.require (module.js:596:17)
    at require (internal/module.js:11:18)
    at Object.<anonymous> (C:\Users\pc\Desktop\node\sequelizeApp\app.js:8:19)
    at Module._compile (module.js:652:30)
2019-02-02T20:31:54.394Z [31merror[39m: uncaughtException: Cannot find module 'express-joi-validation'
Error: Cannot find module 'express-joi-validation'
    at Function.Module._resolveFilename (module.js:547:15)
    at Function.Module._load (module.js:474:25)
    at Module.require (module.js:596:17)
    at require (internal/module.js:11:18)
    at Object.<anonymous> (C:\Users\pc\Desktop\node\sequelizeApp\routes\books.js:5:19)
    at Module._compile (module.js:652:30)
    at Object.Module._extensions..js (module.js:663:10)
    at Module.load (module.js:565:32)
    at tryModuleLoad (module.js:505:12)
    at Function.Module._load (module.js:497:3)
    at Module.require (module.js:596:17)
    at require (internal/module.js:11:18)
    at Object.<anonymous> (C:\Users\pc\Desktop\node\sequelizeApp\routes\index.js:4:22)
    at Module._compile (module.js:652:30)
    at Object.Module._extensions..js (module.js:663:10)
    at Module.load (module.js:565:32)
    at tryModuleLoad (module.js:505:12)
    at Function.Module._load (module.js:497:3)
    at Module.require (module.js:596:17)
    at require (internal/module.js:11:18)
    at Object.<anonymous> (C:\Users\pc\Desktop\node\sequelizeApp\app.js:8:19)
    at Module._compile (module.js:652:30)
2019-02-02T20:32:00.625Z [31merror[39m: uncaughtException: Cannot find module 'express-joi-validation'
Error: Cannot find module 'express-joi-validation'
    at Function.Module._resolveFilename (module.js:547:15)
    at Function.Module._load (module.js:474:25)
    at Module.require (module.js:596:17)
    at require (internal/module.js:11:18)
    at Object.<anonymous> (C:\Users\pc\Desktop\node\sequelizeApp\routes\books.js:5:19)
    at Module._compile (module.js:652:30)
    at Object.Module._extensions..js (module.js:663:10)
    at Module.load (module.js:565:32)
    at tryModuleLoad (module.js:505:12)
    at Function.Module._load (module.js:497:3)
    at Module.require (module.js:596:17)
    at require (internal/module.js:11:18)
    at Object.<anonymous> (C:\Users\pc\Desktop\node\sequelizeApp\routes\index.js:4:22)
    at Module._compile (module.js:652:30)
    at Object.Module._extensions..js (module.js:663:10)
    at Module.load (module.js:565:32)
    at tryModuleLoad (module.js:505:12)
    at Function.Module._load (module.js:497:3)
    at Module.require (module.js:596:17)
    at require (internal/module.js:11:18)
    at Object.<anonymous> (C:\Users\pc\Desktop\node\sequelizeApp\app.js:8:19)
    at Module._compile (module.js:652:30)
2019-02-02T20:32:23.410Z [31merror[39m: uncaughtException: Cannot find module 'express-joi-validation'
Error: Cannot find module 'express-joi-validation'
    at Function.Module._resolveFilename (module.js:547:15)
    at Function.Module._load (module.js:474:25)
    at Module.require (module.js:596:17)
    at require (internal/module.js:11:18)
    at Object.<anonymous> (C:\Users\pc\Desktop\node\sequelizeApp\routes\books.js:5:19)
    at Module._compile (module.js:652:30)
    at Object.Module._extensions..js (module.js:663:10)
    at Module.load (module.js:565:32)
    at tryModuleLoad (module.js:505:12)
    at Function.Module._load (module.js:497:3)
    at Module.require (module.js:596:17)
    at require (internal/module.js:11:18)
    at Object.<anonymous> (C:\Users\pc\Desktop\node\sequelizeApp\routes\index.js:4:22)
    at Module._compile (module.js:652:30)
    at Object.Module._extensions..js (module.js:663:10)
    at Module.load (module.js:565:32)
    at tryModuleLoad (module.js:505:12)
    at Function.Module._load (module.js:497:3)
    at Module.require (module.js:596:17)
    at require (internal/module.js:11:18)
    at Object.<anonymous> (C:\Users\pc\Desktop\node\sequelizeApp\app.js:8:19)
    at Module._compile (module.js:652:30)
2019-02-02T20:32:41.564Z [31merror[39m: uncaughtException: Cannot find module 'express-joi-validation'
Error: Cannot find module 'express-joi-validation'
    at Function.Module._resolveFilename (module.js:547:15)
    at Function.Module._load (module.js:474:25)
    at Module.require (module.js:596:17)
    at require (internal/module.js:11:18)
    at Object.<anonymous> (C:\Users\pc\Desktop\node\sequelizeApp\routes\books.js:5:19)
    at Module._compile (module.js:652:30)
    at Object.Module._extensions..js (module.js:663:10)
    at Module.load (module.js:565:32)
    at tryModuleLoad (module.js:505:12)
    at Function.Module._load (module.js:497:3)
    at Module.require (module.js:596:17)
    at require (internal/module.js:11:18)
    at Object.<anonymous> (C:\Users\pc\Desktop\node\sequelizeApp\routes\index.js:4:22)
    at Module._compile (module.js:652:30)
    at Object.Module._extensions..js (module.js:663:10)
    at Module.load (module.js:565:32)
    at tryModuleLoad (module.js:505:12)
    at Function.Module._load (module.js:497:3)
    at Module.require (module.js:596:17)
    at require (internal/module.js:11:18)
    at Object.<anonymous> (C:\Users\pc\Desktop\node\sequelizeApp\app.js:8:19)
    at Module._compile (module.js:652:30)
2019-02-02T20:33:23.965Z [31merror[39m: uncaughtException: Cannot find module 'express-joi-validation'
Error: Cannot find module 'express-joi-validation'
    at Function.Module._resolveFilename (module.js:547:15)
    at Function.Module._load (module.js:474:25)
    at Module.require (module.js:596:17)
    at require (internal/module.js:11:18)
    at Object.<anonymous> (C:\Users\pc\Desktop\node\sequelizeApp\routes\books.js:5:19)
    at Module._compile (module.js:652:30)
    at Object.Module._extensions..js (module.js:663:10)
    at Module.load (module.js:565:32)
    at tryModuleLoad (module.js:505:12)
    at Function.Module._load (module.js:497:3)
    at Module.require (module.js:596:17)
    at require (internal/module.js:11:18)
    at Object.<anonymous> (C:\Users\pc\Desktop\node\sequelizeApp\routes\index.js:4:22)
    at Module._compile (module.js:652:30)
    at Object.Module._extensions..js (module.js:663:10)
    at Module.load (module.js:565:32)
    at tryModuleLoad (module.js:505:12)
    at Function.Module._load (module.js:497:3)
    at Module.require (module.js:596:17)
    at require (internal/module.js:11:18)
    at Object.<anonymous> (C:\Users\pc\Desktop\node\sequelizeApp\app.js:8:19)
    at Module._compile (module.js:652:30)
2019-02-02T20:35:51.855Z [31merror[39m: uncaughtException: Cannot find module 'express-joi-validation'
Error: Cannot find module 'express-joi-validation'
    at Function.Module._resolveFilename (module.js:547:15)
    at Function.Module._load (module.js:474:25)
    at Module.require (module.js:596:17)
    at require (internal/module.js:11:18)
    at Object.<anonymous> (C:\Users\pc\Desktop\node\sequelizeApp\routes\books.js:5:19)
    at Module._compile (module.js:652:30)
    at Object.Module._extensions..js (module.js:663:10)
    at Module.load (module.js:565:32)
    at tryModuleLoad (module.js:505:12)
    at Function.Module._load (module.js:497:3)
    at Module.require (module.js:596:17)
    at require (internal/module.js:11:18)
    at Object.<anonymous> (C:\Users\pc\Desktop\node\sequelizeApp\routes\index.js:4:22)
    at Module._compile (module.js:652:30)
    at Object.Module._extensions..js (module.js:663:10)
    at Module.load (module.js:565:32)
    at tryModuleLoad (module.js:505:12)
    at Function.Module._load (module.js:497:3)
    at Module.require (module.js:596:17)
    at require (internal/module.js:11:18)
    at Object.<anonymous> (C:\Users\pc\Desktop\node\sequelizeApp\app.js:8:19)
    at Module._compile (module.js:652:30)
2019-02-02T20:35:59.923Z [31merror[39m: uncaughtException: Cannot find module 'express-joi-validation'
Error: Cannot find module 'express-joi-validation'
    at Function.Module._resolveFilename (module.js:547:15)
    at Function.Module._load (module.js:474:25)
    at Module.require (module.js:596:17)
    at require (internal/module.js:11:18)
    at Object.<anonymous> (C:\Users\pc\Desktop\node\sequelizeApp\routes\books.js:5:19)
    at Module._compile (module.js:652:30)
    at Object.Module._extensions..js (module.js:663:10)
    at Module.load (module.js:565:32)
    at tryModuleLoad (module.js:505:12)
    at Function.Module._load (module.js:497:3)
    at Module.require (module.js:596:17)
    at require (internal/module.js:11:18)
    at Object.<anonymous> (C:\Users\pc\Desktop\node\sequelizeApp\routes\index.js:4:22)
    at Module._compile (module.js:652:30)
    at Object.Module._extensions..js (module.js:663:10)
    at Module.load (module.js:565:32)
    at tryModuleLoad (module.js:505:12)
    at Function.Module._load (module.js:497:3)
    at Module.require (module.js:596:17)
    at require (internal/module.js:11:18)
    at Object.<anonymous> (C:\Users\pc\Desktop\node\sequelizeApp\app.js:8:19)
    at Module._compile (module.js:652:30)
2019-02-02T20:36:11.259Z [31merror[39m: uncaughtException: Cannot find module 'express-joi-validation'
Error: Cannot find module 'express-joi-validation'
    at Function.Module._resolveFilename (module.js:547:15)
    at Function.Module._load (module.js:474:25)
    at Module.require (module.js:596:17)
    at require (internal/module.js:11:18)
    at Object.<anonymous> (C:\Users\pc\Desktop\node\sequelizeApp\routes\books.js:5:19)
    at Module._compile (module.js:652:30)
    at Object.Module._extensions..js (module.js:663:10)
    at Module.load (module.js:565:32)
    at tryModuleLoad (module.js:505:12)
    at Function.Module._load (module.js:497:3)
    at Module.require (module.js:596:17)
    at require (internal/module.js:11:18)
    at Object.<anonymous> (C:\Users\pc\Desktop\node\sequelizeApp\routes\index.js:4:22)
    at Module._compile (module.js:652:30)
    at Object.Module._extensions..js (module.js:663:10)
    at Module.load (module.js:565:32)
    at tryModuleLoad (module.js:505:12)
    at Function.Module._load (module.js:497:3)
    at Module.require (module.js:596:17)
    at require (internal/module.js:11:18)
    at Object.<anonymous> (C:\Users\pc\Desktop\node\sequelizeApp\app.js:8:19)
    at Module._compile (module.js:652:30)
2019-02-02T20:36:19.253Z [31merror[39m: uncaughtException: Cannot find module 'express-joi-validation'
Error: Cannot find module 'express-joi-validation'
    at Function.Module._resolveFilename (module.js:547:15)
    at Function.Module._load (module.js:474:25)
    at Module.require (module.js:596:17)
    at require (internal/module.js:11:18)
    at Object.<anonymous> (C:\Users\pc\Desktop\node\sequelizeApp\routes\books.js:5:19)
    at Module._compile (module.js:652:30)
    at Object.Module._extensions..js (module.js:663:10)
    at Module.load (module.js:565:32)
    at tryModuleLoad (module.js:505:12)
    at Function.Module._load (module.js:497:3)
    at Module.require (module.js:596:17)
    at require (internal/module.js:11:18)
    at Object.<anonymous> (C:\Users\pc\Desktop\node\sequelizeApp\routes\index.js:4:22)
    at Module._compile (module.js:652:30)
    at Object.Module._extensions..js (module.js:663:10)
    at Module.load (module.js:565:32)
    at tryModuleLoad (module.js:505:12)
    at Function.Module._load (module.js:497:3)
    at Module.require (module.js:596:17)
    at require (internal/module.js:11:18)
    at Object.<anonymous> (C:\Users\pc\Desktop\node\sequelizeApp\app.js:8:19)
    at Module._compile (module.js:652:30)
2019-02-03T18:35:09.573Z [31merror[39m: uncaughtException: Cannot find module 'express-joi-validation'
Error: Cannot find module 'express-joi-validation'
    at Function.Module._resolveFilename (module.js:547:15)
    at Function.Module._load (module.js:474:25)
    at Module.require (module.js:596:17)
    at require (internal/module.js:11:18)
    at Object.<anonymous> (C:\Users\pc\Desktop\node\sequelizeApp\routes\books.js:5:19)
    at Module._compile (module.js:652:30)
    at Object.Module._extensions..js (module.js:663:10)
    at Module.load (module.js:565:32)
    at tryModuleLoad (module.js:505:12)
    at Function.Module._load (module.js:497:3)
    at Module.require (module.js:596:17)
    at require (internal/module.js:11:18)
    at Object.<anonymous> (C:\Users\pc\Desktop\node\sequelizeApp\routes\index.js:4:22)
    at Module._compile (module.js:652:30)
    at Object.Module._extensions..js (module.js:663:10)
    at Module.load (module.js:565:32)
    at tryModuleLoad (module.js:505:12)
    at Function.Module._load (module.js:497:3)
    at Module.require (module.js:596:17)
    at require (internal/module.js:11:18)
    at Object.<anonymous> (C:\Users\pc\Desktop\node\sequelizeApp\app.js:8:19)
    at Module._compile (module.js:652:30)
2019-02-03T18:36:00.082Z [31merror[39m: uncaughtException: Cannot find module 'express-joi-validation'
Error: Cannot find module 'express-joi-validation'
    at Function.Module._resolveFilename (module.js:547:15)
    at Function.Module._load (module.js:474:25)
    at Module.require (module.js:596:17)
    at require (internal/module.js:11:18)
    at Object.<anonymous> (C:\Users\pc\Desktop\node\sequelizeApp\routes\books.js:5:19)
    at Module._compile (module.js:652:30)
    at Object.Module._extensions..js (module.js:663:10)
    at Module.load (module.js:565:32)
    at tryModuleLoad (module.js:505:12)
    at Function.Module._load (module.js:497:3)
    at Module.require (module.js:596:17)
    at require (internal/module.js:11:18)
    at Object.<anonymous> (C:\Users\pc\Desktop\node\sequelizeApp\routes\index.js:4:22)
    at Module._compile (module.js:652:30)
    at Object.Module._extensions..js (module.js:663:10)
    at Module.load (module.js:565:32)
    at tryModuleLoad (module.js:505:12)
    at Function.Module._load (module.js:497:3)
    at Module.require (module.js:596:17)
    at require (internal/module.js:11:18)
    at Object.<anonymous> (C:\Users\pc\Desktop\node\sequelizeApp\app.js:8:19)
    at Module._compile (module.js:652:30)
2019-02-03T18:36:43.512Z [31merror[39m: uncaughtException: Cannot find module 'express-joi-validation'
Error: Cannot find module 'express-joi-validation'
    at Function.Module._resolveFilename (module.js:547:15)
    at Function.Module._load (module.js:474:25)
    at Module.require (module.js:596:17)
    at require (internal/module.js:11:18)
    at Object.<anonymous> (C:\Users\pc\Desktop\node\sequelizeApp\routes\books.js:5:19)
    at Module._compile (module.js:652:30)
    at Object.Module._extensions..js (module.js:663:10)
    at Module.load (module.js:565:32)
    at tryModuleLoad (module.js:505:12)
    at Function.Module._load (module.js:497:3)
    at Module.require (module.js:596:17)
    at require (internal/module.js:11:18)
    at Object.<anonymous> (C:\Users\pc\Desktop\node\sequelizeApp\routes\index.js:4:22)
    at Module._compile (module.js:652:30)
    at Object.Module._extensions..js (module.js:663:10)
    at Module.load (module.js:565:32)
    at tryModuleLoad (module.js:505:12)
    at Function.Module._load (module.js:497:3)
    at Module.require (module.js:596:17)
    at require (internal/module.js:11:18)
    at Object.<anonymous> (C:\Users\pc\Desktop\node\sequelizeApp\app.js:8:19)
    at Module._compile (module.js:652:30)
2019-02-03T18:37:08.916Z [31merror[39m: uncaughtException: Cannot find module 'express-joi-validation'
Error: Cannot find module 'express-joi-validation'
    at Function.Module._resolveFilename (module.js:547:15)
    at Function.Module._load (module.js:474:25)
    at Module.require (module.js:596:17)
    at require (internal/module.js:11:18)
    at Object.<anonymous> (C:\Users\pc\Desktop\node\sequelizeApp\routes\books.js:5:19)
    at Module._compile (module.js:652:30)
    at Object.Module._extensions..js (module.js:663:10)
    at Module.load (module.js:565:32)
    at tryModuleLoad (module.js:505:12)
    at Function.Module._load (module.js:497:3)
    at Module.require (module.js:596:17)
    at require (internal/module.js:11:18)
    at Object.<anonymous> (C:\Users\pc\Desktop\node\sequelizeApp\routes\index.js:4:22)
    at Module._compile (module.js:652:30)
    at Object.Module._extensions..js (module.js:663:10)
    at Module.load (module.js:565:32)
    at tryModuleLoad (module.js:505:12)
    at Function.Module._load (module.js:497:3)
    at Module.require (module.js:596:17)
    at require (internal/module.js:11:18)
    at Object.<anonymous> (C:\Users\pc\Desktop\node\sequelizeApp\app.js:8:19)
    at Module._compile (module.js:652:30)
2019-02-03T18:37:14.893Z [31merror[39m: uncaughtException: Cannot find module 'express-joi-validation'
Error: Cannot find module 'express-joi-validation'
    at Function.Module._resolveFilename (module.js:547:15)
    at Function.Module._load (module.js:474:25)
    at Module.require (module.js:596:17)
    at require (internal/module.js:11:18)
    at Object.<anonymous> (C:\Users\pc\Desktop\node\sequelizeApp\routes\books.js:5:19)
    at Module._compile (module.js:652:30)
    at Object.Module._extensions..js (module.js:663:10)
    at Module.load (module.js:565:32)
    at tryModuleLoad (module.js:505:12)
    at Function.Module._load (module.js:497:3)
    at Module.require (module.js:596:17)
    at require (internal/module.js:11:18)
    at Object.<anonymous> (C:\Users\pc\Desktop\node\sequelizeApp\routes\index.js:4:22)
    at Module._compile (module.js:652:30)
    at Object.Module._extensions..js (module.js:663:10)
    at Module.load (module.js:565:32)
    at tryModuleLoad (module.js:505:12)
    at Function.Module._load (module.js:497:3)
    at Module.require (module.js:596:17)
    at require (internal/module.js:11:18)
    at Object.<anonymous> (C:\Users\pc\Desktop\node\sequelizeApp\app.js:8:19)
    at Module._compile (module.js:652:30)
2019-02-03T18:37:40.895Z [31merror[39m: uncaughtException: Cannot find module 'express-joi-validation'
Error: Cannot find module 'express-joi-validation'
    at Function.Module._resolveFilename (module.js:547:15)
    at Function.Module._load (module.js:474:25)
    at Module.require (module.js:596:17)
    at require (internal/module.js:11:18)
    at Object.<anonymous> (C:\Users\pc\Desktop\node\sequelizeApp\routes\books.js:5:19)
    at Module._compile (module.js:652:30)
    at Object.Module._extensions..js (module.js:663:10)
    at Module.load (module.js:565:32)
    at tryModuleLoad (module.js:505:12)
    at Function.Module._load (module.js:497:3)
    at Module.require (module.js:596:17)
    at require (internal/module.js:11:18)
    at Object.<anonymous> (C:\Users\pc\Desktop\node\sequelizeApp\routes\index.js:4:22)
    at Module._compile (module.js:652:30)
    at Object.Module._extensions..js (module.js:663:10)
    at Module.load (module.js:565:32)
    at tryModuleLoad (module.js:505:12)
    at Function.Module._load (module.js:497:3)
    at Module.require (module.js:596:17)
    at require (internal/module.js:11:18)
    at Object.<anonymous> (C:\Users\pc\Desktop\node\sequelizeApp\app.js:8:19)
    at Module._compile (module.js:652:30)
2019-02-03T18:38:31.713Z [31merror[39m: uncaughtException: Cannot find module 'express-joi-validation'
Error: Cannot find module 'express-joi-validation'
    at Function.Module._resolveFilename (module.js:547:15)
    at Function.Module._load (module.js:474:25)
    at Module.require (module.js:596:17)
    at require (internal/module.js:11:18)
    at Object.<anonymous> (C:\Users\pc\Desktop\node\sequelizeApp\routes\books.js:5:19)
    at Module._compile (module.js:652:30)
    at Object.Module._extensions..js (module.js:663:10)
    at Module.load (module.js:565:32)
    at tryModuleLoad (module.js:505:12)
    at Function.Module._load (module.js:497:3)
    at Module.require (module.js:596:17)
    at require (internal/module.js:11:18)
    at Object.<anonymous> (C:\Users\pc\Desktop\node\sequelizeApp\routes\index.js:4:22)
    at Module._compile (module.js:652:30)
    at Object.Module._extensions..js (module.js:663:10)
    at Module.load (module.js:565:32)
    at tryModuleLoad (module.js:505:12)
    at Function.Module._load (module.js:497:3)
    at Module.require (module.js:596:17)
    at require (internal/module.js:11:18)
    at Object.<anonymous> (C:\Users\pc\Desktop\node\sequelizeApp\app.js:8:19)
    at Module._compile (module.js:652:30)
2019-02-03T18:39:47.390Z [31merror[39m: uncaughtException: Cannot find module 'express-joi-validation'
Error: Cannot find module 'express-joi-validation'
    at Function.Module._resolveFilename (module.js:547:15)
    at Function.Module._load (module.js:474:25)
    at Module.require (module.js:596:17)
    at require (internal/module.js:11:18)
    at Object.<anonymous> (C:\Users\pc\Desktop\node\sequelizeApp\routes\books.js:5:19)
    at Module._compile (module.js:652:30)
    at Object.Module._extensions..js (module.js:663:10)
    at Module.load (module.js:565:32)
    at tryModuleLoad (module.js:505:12)
    at Function.Module._load (module.js:497:3)
    at Module.require (module.js:596:17)
    at require (internal/module.js:11:18)
    at Object.<anonymous> (C:\Users\pc\Desktop\node\sequelizeApp\routes\index.js:4:22)
    at Module._compile (module.js:652:30)
    at Object.Module._extensions..js (module.js:663:10)
    at Module.load (module.js:565:32)
    at tryModuleLoad (module.js:505:12)
    at Function.Module._load (module.js:497:3)
    at Module.require (module.js:596:17)
    at require (internal/module.js:11:18)
    at Object.<anonymous> (C:\Users\pc\Desktop\node\sequelizeApp\app.js:8:19)
    at Module._compile (module.js:652:30)
2019-02-03T18:46:33.743Z [31merror[39m: uncaughtException: Unexpected token ;
C:\Users\pc\Desktop\node\sequelizeApp\controllers\books.js:59
    };
     ^

SyntaxError: Unexpected token ;
    at createScript (vm.js:80:10)
    at Object.runInThisContext (vm.js:139:10)
    at Module._compile (module.js:616:28)
    at Object.Module._extensions..js (module.js:663:10)
    at Module.load (module.js:565:32)
    at tryModuleLoad (module.js:505:12)
    at Function.Module._load (module.js:497:3)
    at Module.require (module.js:596:17)
    at require (internal/module.js:11:18)
    at Object.<anonymous> (C:\Users\pc\Desktop\node\sequelizeApp\controllers\index.js:1:77)
2019-02-03T18:46:38.650Z [31merror[39m: uncaughtException: Unexpected token ;
C:\Users\pc\Desktop\node\sequelizeApp\controllers\books.js:59
    };
     ^

SyntaxError: Unexpected token ;
    at createScript (vm.js:80:10)
    at Object.runInThisContext (vm.js:139:10)
    at Module._compile (module.js:616:28)
    at Object.Module._extensions..js (module.js:663:10)
    at Module.load (module.js:565:32)
    at tryModuleLoad (module.js:505:12)
    at Function.Module._load (module.js:497:3)
    at Module.require (module.js:596:17)
    at require (internal/module.js:11:18)
    at Object.<anonymous> (C:\Users\pc\Desktop\node\sequelizeApp\controllers\index.js:1:77)
2019-02-03T18:46:45.678Z [31merror[39m: uncaughtException: Invalid shorthand property initializer
C:\Users\pc\Desktop\node\sequelizeApp\controllers\books.js:52
    update = (req, res) => {
    ^^^^^^^^^^^^^^^^^^^^^^^^

SyntaxError: Invalid shorthand property initializer
    at createScript (vm.js:80:10)
    at Object.runInThisContext (vm.js:139:10)
    at Module._compile (module.js:616:28)
    at Object.Module._extensions..js (module.js:663:10)
    at Module.load (module.js:565:32)
    at tryModuleLoad (module.js:505:12)
    at Function.Module._load (module.js:497:3)
    at Module.require (module.js:596:17)
    at require (internal/module.js:11:18)
    at Object.<anonymous> (C:\Users\pc\Desktop\node\sequelizeApp\controllers\index.js:1:77)
2019-02-03T18:47:03.662Z [31merror[39m: uncaughtException: Invalid shorthand property initializer
C:\Users\pc\Desktop\node\sequelizeApp\controllers\books.js:52
    update = (req, res) => {
    ^^^^^^^^^^^^^^^^^^^^^^^^

SyntaxError: Invalid shorthand property initializer
    at createScript (vm.js:80:10)
    at Object.runInThisContext (vm.js:139:10)
    at Module._compile (module.js:616:28)
    at Object.Module._extensions..js (module.js:663:10)
    at Module.load (module.js:565:32)
    at tryModuleLoad (module.js:505:12)
    at Function.Module._load (module.js:497:3)
    at Module.require (module.js:596:17)
    at require (internal/module.js:11:18)
    at Object.<anonymous> (C:\Users\pc\Desktop\node\sequelizeApp\controllers\index.js:1:77)
2019-02-03T18:48:24.915Z [31merror[39m: uncaughtException: Invalid shorthand property initializer
C:\Users\pc\Desktop\node\sequelizeApp\controllers\books.js:52
    update = (req, res) => {
    ^^^^^^^^^^^^^^^^^^^^^^^^

SyntaxError: Invalid shorthand property initializer
    at createScript (vm.js:80:10)
    at Object.runInThisContext (vm.js:139:10)
    at Module._compile (module.js:616:28)
    at Object.Module._extensions..js (module.js:663:10)
    at Module.load (module.js:565:32)
    at tryModuleLoad (module.js:505:12)
    at Function.Module._load (module.js:497:3)
    at Module.require (module.js:596:17)
    at require (internal/module.js:11:18)
    at Object.<anonymous> (C:\Users\pc\Desktop\node\sequelizeApp\controllers\index.js:1:77)
2019-02-03T18:48:39.043Z [31merror[39m: uncaughtException: Invalid shorthand property initializer
C:\Users\pc\Desktop\node\sequelizeApp\controllers\books.js:52
    update = (req, res) => {
    ^^^^^^^^^^^^^^^^^^^^^^^^

SyntaxError: Invalid shorthand property initializer
    at createScript (vm.js:80:10)
    at Object.runInThisContext (vm.js:139:10)
    at Module._compile (module.js:616:28)
    at Object.Module._extensions..js (module.js:663:10)
    at Module.load (module.js:565:32)
    at tryModuleLoad (module.js:505:12)
    at Function.Module._load (module.js:497:3)
    at Module.require (module.js:596:17)
    at require (internal/module.js:11:18)
    at Object.<anonymous> (C:\Users\pc\Desktop\node\sequelizeApp\controllers\index.js:1:77)
2019-02-03T18:53:55.245Z [31merror[39m: uncaughtException: Invalid shorthand property initializer
C:\Users\pc\Desktop\node\sequelizeApp\controllers\books.js:52
    update = (req, res) => {
    ^^^^^^^^^^^^^^^^^^^^^^^^

SyntaxError: Invalid shorthand property initializer
    at createScript (vm.js:80:10)
    at Object.runInThisContext (vm.js:139:10)
    at Module._compile (module.js:616:28)
    at Object.Module._extensions..js (module.js:663:10)
    at Module.load (module.js:565:32)
    at tryModuleLoad (module.js:505:12)
    at Function.Module._load (module.js:497:3)
    at Module.require (module.js:596:17)
    at require (internal/module.js:11:18)
    at Object.<anonymous> (C:\Users\pc\Desktop\node\sequelizeApp\controllers\index.js:1:77)
2019-02-03T18:54:05.689Z [31merror[39m: uncaughtException: Invalid shorthand property initializer
C:\Users\pc\Desktop\node\sequelizeApp\controllers\books.js:52
    update = (req, res) => {
    ^^^^^^^^^^^^^^^^^^^^^^^^

SyntaxError: Invalid shorthand property initializer
    at createScript (vm.js:80:10)
    at Object.runInThisContext (vm.js:139:10)
    at Module._compile (module.js:616:28)
    at Object.Module._extensions..js (module.js:663:10)
    at Module.load (module.js:565:32)
    at tryModuleLoad (module.js:505:12)
    at Function.Module._load (module.js:497:3)
    at Module.require (module.js:596:17)
    at require (internal/module.js:11:18)
    at Object.<anonymous> (C:\Users\pc\Desktop\node\sequelizeApp\controllers\index.js:1:77)
2019-02-03T18:55:15.973Z [31merror[39m: uncaughtException: Invalid shorthand property initializer
C:\Users\pc\Desktop\node\sequelizeApp\controllers\authors.js:48
    update = (req, res) => {
    ^^^^^^^^^^^^^^^^^^^^^^^^

SyntaxError: Invalid shorthand property initializer
    at createScript (vm.js:80:10)
    at Object.runInThisContext (vm.js:139:10)
    at Module._compile (module.js:616:28)
    at Object.Module._extensions..js (module.js:663:10)
    at Module.load (module.js:565:32)
    at tryModuleLoad (module.js:505:12)
    at Function.Module._load (module.js:497:3)
    at Module.require (module.js:596:17)
    at require (internal/module.js:11:18)
    at Object.<anonymous> (C:\Users\pc\Desktop\node\sequelizeApp\controllers\index.js:2:17)
    at Module._compile (module.js:652:30)
    at Object.Module._extensions..js (module.js:663:10)
    at Module.load (module.js:565:32)
    at tryModuleLoad (module.js:505:12)
    at Function.Module._load (module.js:497:3)
    at Module.require (module.js:596:17)
    at require (internal/module.js:11:18)
    at Object.<anonymous> (C:\Users\pc\Desktop\node\sequelizeApp\routes\books.js:3:24)
    at Module._compile (module.js:652:30)
    at Object.Module._extensions..js (module.js:663:10)
    at Module.load (module.js:565:32)
    at tryModuleLoad (module.js:505:12)
2019-02-03T18:55:41.837Z [31merror[39m: uncaughtException: Cannot find module 'express-joi-validation'
Error: Cannot find module 'express-joi-validation'
    at Function.Module._resolveFilename (module.js:547:15)
    at Function.Module._load (module.js:474:25)
    at Module.require (module.js:596:17)
    at require (internal/module.js:11:18)
    at Object.<anonymous> (C:\Users\pc\Desktop\node\sequelizeApp\routes\books.js:5:19)
    at Module._compile (module.js:652:30)
    at Object.Module._extensions..js (module.js:663:10)
    at Module.load (module.js:565:32)
    at tryModuleLoad (module.js:505:12)
    at Function.Module._load (module.js:497:3)
    at Module.require (module.js:596:17)
    at require (internal/module.js:11:18)
    at Object.<anonymous> (C:\Users\pc\Desktop\node\sequelizeApp\routes\index.js:4:22)
    at Module._compile (module.js:652:30)
    at Object.Module._extensions..js (module.js:663:10)
    at Module.load (module.js:565:32)
    at tryModuleLoad (module.js:505:12)
    at Function.Module._load (module.js:497:3)
    at Module.require (module.js:596:17)
    at require (internal/module.js:11:18)
    at Object.<anonymous> (C:\Users\pc\Desktop\node\sequelizeApp\app.js:8:19)
    at Module._compile (module.js:652:30)
2019-02-03T18:57:15.435Z [31merror[39m: uncaughtException: Cannot find module './dataSchemas'
Error: Cannot find module './dataSchemas'
    at Function.Module._resolveFilename (module.js:547:15)
    at Function.Module._load (module.js:474:25)
    at Module.require (module.js:596:17)
    at require (internal/module.js:11:18)
    at Object.<anonymous> (C:\Users\pc\Desktop\node\sequelizeApp\routes\books.js:6:34)
    at Module._compile (module.js:652:30)
    at Object.Module._extensions..js (module.js:663:10)
    at Module.load (module.js:565:32)
    at tryModuleLoad (module.js:505:12)
    at Function.Module._load (module.js:497:3)
    at Module.require (module.js:596:17)
    at require (internal/module.js:11:18)
    at Object.<anonymous> (C:\Users\pc\Desktop\node\sequelizeApp\routes\index.js:4:22)
    at Module._compile (module.js:652:30)
    at Object.Module._extensions..js (module.js:663:10)
    at Module.load (module.js:565:32)
    at tryModuleLoad (module.js:505:12)
    at Function.Module._load (module.js:497:3)
    at Module.require (module.js:596:17)
    at require (internal/module.js:11:18)
    at Object.<anonymous> (C:\Users\pc\Desktop\node\sequelizeApp\app.js:8:19)
    at Module._compile (module.js:652:30)
2019-02-03T18:58:16.017Z [31merror[39m: uncaughtException: Cannot find module './dataSchemas'
Error: Cannot find module './dataSchemas'
    at Function.Module._resolveFilename (module.js:547:15)
    at Function.Module._load (module.js:474:25)
    at Module.require (module.js:596:17)
    at require (internal/module.js:11:18)
    at Object.<anonymous> (C:\Users\pc\Desktop\node\sequelizeApp\routes\books.js:6:34)
    at Module._compile (module.js:652:30)
    at Object.Module._extensions..js (module.js:663:10)
    at Module.load (module.js:565:32)
    at tryModuleLoad (module.js:505:12)
    at Function.Module._load (module.js:497:3)
    at Module.require (module.js:596:17)
    at require (internal/module.js:11:18)
    at Object.<anonymous> (C:\Users\pc\Desktop\node\sequelizeApp\routes\index.js:4:22)
    at Module._compile (module.js:652:30)
    at Object.Module._extensions..js (module.js:663:10)
    at Module.load (module.js:565:32)
    at tryModuleLoad (module.js:505:12)
    at Function.Module._load (module.js:497:3)
    at Module.require (module.js:596:17)
    at require (internal/module.js:11:18)
    at Object.<anonymous> (C:\Users\pc\Desktop\node\sequelizeApp\app.js:8:19)
    at Module._compile (module.js:652:30)
2019-02-03T18:58:24.243Z [31merror[39m: uncaughtException: Cannot find module './dataSchemas'
Error: Cannot find module './dataSchemas'
    at Function.Module._resolveFilename (module.js:547:15)
    at Function.Module._load (module.js:474:25)
    at Module.require (module.js:596:17)
    at require (internal/module.js:11:18)
    at Object.<anonymous> (C:\Users\pc\Desktop\node\sequelizeApp\routes\books.js:6:34)
    at Module._compile (module.js:652:30)
    at Object.Module._extensions..js (module.js:663:10)
    at Module.load (module.js:565:32)
    at tryModuleLoad (module.js:505:12)
    at Function.Module._load (module.js:497:3)
    at Module.require (module.js:596:17)
    at require (internal/module.js:11:18)
    at Object.<anonymous> (C:\Users\pc\Desktop\node\sequelizeApp\routes\index.js:4:22)
    at Module._compile (module.js:652:30)
    at Object.Module._extensions..js (module.js:663:10)
    at Module.load (module.js:565:32)
    at tryModuleLoad (module.js:505:12)
    at Function.Module._load (module.js:497:3)
    at Module.require (module.js:596:17)
    at require (internal/module.js:11:18)
    at Object.<anonymous> (C:\Users\pc\Desktop\node\sequelizeApp\app.js:8:19)
    at Module._compile (module.js:652:30)
2019-02-03T18:58:45.935Z [31merror[39m: uncaughtException: Cannot find module './dataSchemas'
Error: Cannot find module './dataSchemas'
    at Function.Module._resolveFilename (module.js:547:15)
    at Function.Module._load (module.js:474:25)
    at Module.require (module.js:596:17)
    at require (internal/module.js:11:18)
    at Object.<anonymous> (C:\Users\pc\Desktop\node\sequelizeApp\routes\books.js:6:34)
    at Module._compile (module.js:652:30)
    at Object.Module._extensions..js (module.js:663:10)
    at Module.load (module.js:565:32)
    at tryModuleLoad (module.js:505:12)
    at Function.Module._load (module.js:497:3)
    at Module.require (module.js:596:17)
    at require (internal/module.js:11:18)
    at Object.<anonymous> (C:\Users\pc\Desktop\node\sequelizeApp\routes\index.js:4:22)
    at Module._compile (module.js:652:30)
    at Object.Module._extensions..js (module.js:663:10)
    at Module.load (module.js:565:32)
    at tryModuleLoad (module.js:505:12)
    at Function.Module._load (module.js:497:3)
    at Module.require (module.js:596:17)
    at require (internal/module.js:11:18)
    at Object.<anonymous> (C:\Users\pc\Desktop\node\sequelizeApp\app.js:8:19)
    at Module._compile (module.js:652:30)
2019-02-03T18:59:00.135Z [31merror[39m: uncaughtException: Cannot find module './dataSchemas'
Error: Cannot find module './dataSchemas'
    at Function.Module._resolveFilename (module.js:547:15)
    at Function.Module._load (module.js:474:25)
    at Module.require (module.js:596:17)
    at require (internal/module.js:11:18)
    at Object.<anonymous> (C:\Users\pc\Desktop\node\sequelizeApp\routes\books.js:6:34)
    at Module._compile (module.js:652:30)
    at Object.Module._extensions..js (module.js:663:10)
    at Module.load (module.js:565:32)
    at tryModuleLoad (module.js:505:12)
    at Function.Module._load (module.js:497:3)
    at Module.require (module.js:596:17)
    at require (internal/module.js:11:18)
    at Object.<anonymous> (C:\Users\pc\Desktop\node\sequelizeApp\routes\index.js:4:22)
    at Module._compile (module.js:652:30)
    at Object.Module._extensions..js (module.js:663:10)
    at Module.load (module.js:565:32)
    at tryModuleLoad (module.js:505:12)
    at Function.Module._load (module.js:497:3)
    at Module.require (module.js:596:17)
    at require (internal/module.js:11:18)
    at Object.<anonymous> (C:\Users\pc\Desktop\node\sequelizeApp\app.js:8:19)
    at Module._compile (module.js:652:30)
2019-02-03T18:59:11.796Z [31merror[39m: uncaughtException: Cannot find module './schemas'
Error: Cannot find module './schemas'
    at Function.Module._resolveFilename (module.js:547:15)
    at Function.Module._load (module.js:474:25)
    at Module.require (module.js:596:17)
    at require (internal/module.js:11:18)
    at Object.<anonymous> (C:\Users\pc\Desktop\node\sequelizeApp\routes\books.js:6:34)
    at Module._compile (module.js:652:30)
    at Object.Module._extensions..js (module.js:663:10)
    at Module.load (module.js:565:32)
    at tryModuleLoad (module.js:505:12)
    at Function.Module._load (module.js:497:3)
    at Module.require (module.js:596:17)
    at require (internal/module.js:11:18)
    at Object.<anonymous> (C:\Users\pc\Desktop\node\sequelizeApp\routes\index.js:4:22)
    at Module._compile (module.js:652:30)
    at Object.Module._extensions..js (module.js:663:10)
    at Module.load (module.js:565:32)
    at tryModuleLoad (module.js:505:12)
    at Function.Module._load (module.js:497:3)
    at Module.require (module.js:596:17)
    at require (internal/module.js:11:18)
    at Object.<anonymous> (C:\Users\pc\Desktop\node\sequelizeApp\app.js:8:19)
    at Module._compile (module.js:652:30)
2019-02-03T18:59:20.267Z [31merror[39m: uncaughtException: Cannot find module './schema'
Error: Cannot find module './schema'
    at Function.Module._resolveFilename (module.js:547:15)
    at Function.Module._load (module.js:474:25)
    at Module.require (module.js:596:17)
    at require (internal/module.js:11:18)
    at Object.<anonymous> (C:\Users\pc\Desktop\node\sequelizeApp\routes\books.js:6:34)
    at Module._compile (module.js:652:30)
    at Object.Module._extensions..js (module.js:663:10)
    at Module.load (module.js:565:32)
    at tryModuleLoad (module.js:505:12)
    at Function.Module._load (module.js:497:3)
    at Module.require (module.js:596:17)
    at require (internal/module.js:11:18)
    at Object.<anonymous> (C:\Users\pc\Desktop\node\sequelizeApp\routes\index.js:4:22)
    at Module._compile (module.js:652:30)
    at Object.Module._extensions..js (module.js:663:10)
    at Module.load (module.js:565:32)
    at tryModuleLoad (module.js:505:12)
    at Function.Module._load (module.js:497:3)
    at Module.require (module.js:596:17)
    at require (internal/module.js:11:18)
    at Object.<anonymous> (C:\Users\pc\Desktop\node\sequelizeApp\app.js:8:19)
    at Module._compile (module.js:652:30)
2019-02-03T18:59:24.000Z [31merror[39m: uncaughtException: Cannot find module './schema'
Error: Cannot find module './schema'
    at Function.Module._resolveFilename (module.js:547:15)
    at Function.Module._load (module.js:474:25)
    at Module.require (module.js:596:17)
    at require (internal/module.js:11:18)
    at Object.<anonymous> (C:\Users\pc\Desktop\node\sequelizeApp\routes\books.js:6:34)
    at Module._compile (module.js:652:30)
    at Object.Module._extensions..js (module.js:663:10)
    at Module.load (module.js:565:32)
    at tryModuleLoad (module.js:505:12)
    at Function.Module._load (module.js:497:3)
    at Module.require (module.js:596:17)
    at require (internal/module.js:11:18)
    at Object.<anonymous> (C:\Users\pc\Desktop\node\sequelizeApp\routes\index.js:4:22)
    at Module._compile (module.js:652:30)
    at Object.Module._extensions..js (module.js:663:10)
    at Module.load (module.js:565:32)
    at tryModuleLoad (module.js:505:12)
    at Function.Module._load (module.js:497:3)
    at Module.require (module.js:596:17)
    at require (internal/module.js:11:18)
    at Object.<anonymous> (C:\Users\pc\Desktop\node\sequelizeApp\app.js:8:19)
    at Module._compile (module.js:652:30)
2019-02-03T18:59:59.208Z [31merror[39m: uncaughtException: Cannot find module './schema'
Error: Cannot find module './schema'
    at Function.Module._resolveFilename (module.js:547:15)
    at Function.Module._load (module.js:474:25)
    at Module.require (module.js:596:17)
    at require (internal/module.js:11:18)
    at Object.<anonymous> (C:\Users\pc\Desktop\node\sequelizeApp\routes\books.js:6:34)
    at Module._compile (module.js:652:30)
    at Object.Module._extensions..js (module.js:663:10)
    at Module.load (module.js:565:32)
    at tryModuleLoad (module.js:505:12)
    at Function.Module._load (module.js:497:3)
    at Module.require (module.js:596:17)
    at require (internal/module.js:11:18)
    at Object.<anonymous> (C:\Users\pc\Desktop\node\sequelizeApp\routes\index.js:4:22)
    at Module._compile (module.js:652:30)
    at Object.Module._extensions..js (module.js:663:10)
    at Module.load (module.js:565:32)
    at tryModuleLoad (module.js:505:12)
    at Function.Module._load (module.js:497:3)
    at Module.require (module.js:596:17)
    at require (internal/module.js:11:18)
    at Object.<anonymous> (C:\Users\pc\Desktop\node\sequelizeApp\app.js:8:19)
    at Module._compile (module.js:652:30)
2019-02-03T19:00:02.195Z [31merror[39m: uncaughtException: morgan is not defined
ReferenceError: morgan is not defined
    at Object.<anonymous> (C:\Users\pc\Desktop\node\sequelizeApp\app.js:15:5)
    at Module._compile (module.js:652:30)
    at Object.Module._extensions..js (module.js:663:10)
    at Module.load (module.js:565:32)
    at tryModuleLoad (module.js:505:12)
    at Function.Module._load (module.js:497:3)
    at Module.require (module.js:596:17)
    at require (internal/module.js:11:18)
    at Object.<anonymous> (C:\Users\pc\Desktop\node\sequelizeApp\bin\www:7:11)
    at Module._compile (module.js:652:30)
    at Object.Module._extensions..js (module.js:663:10)
    at Module.load (module.js:565:32)
    at tryModuleLoad (module.js:505:12)
    at Function.Module._load (module.js:497:3)
    at Function.Module.runMain (module.js:693:10)
    at startup (bootstrap_node.js:191:16)
    at bootstrap_node.js:612:3
2019-02-03T19:01:19.591Z [31merror[39m: uncaughtException: morgan is not defined
ReferenceError: morgan is not defined
    at Object.<anonymous> (C:\Users\pc\Desktop\node\sequelizeApp\app.js:15:5)
    at Module._compile (module.js:652:30)
    at Object.Module._extensions..js (module.js:663:10)
    at Module.load (module.js:565:32)
    at tryModuleLoad (module.js:505:12)
    at Function.Module._load (module.js:497:3)
    at Module.require (module.js:596:17)
    at require (internal/module.js:11:18)
    at Object.<anonymous> (C:\Users\pc\Desktop\node\sequelizeApp\bin\www:7:11)
    at Module._compile (module.js:652:30)
    at Object.Module._extensions..js (module.js:663:10)
    at Module.load (module.js:565:32)
    at tryModuleLoad (module.js:505:12)
    at Function.Module._load (module.js:497:3)
    at Function.Module.runMain (module.js:693:10)
    at startup (bootstrap_node.js:191:16)
    at bootstrap_node.js:612:3
2019-02-03T19:15:46.382Z [31merror[39m: uncaughtException: morgan is not defined
ReferenceError: morgan is not defined
    at Object.<anonymous> (C:\Users\pc\Desktop\node\sequelizeApp\app.js:15:5)
    at Module._compile (module.js:652:30)
    at Object.Module._extensions..js (module.js:663:10)
    at Module.load (module.js:565:32)
    at tryModuleLoad (module.js:505:12)
    at Function.Module._load (module.js:497:3)
    at Module.require (module.js:596:17)
    at require (internal/module.js:11:18)
    at Object.<anonymous> (C:\Users\pc\Desktop\node\sequelizeApp\bin\www:7:11)
    at Module._compile (module.js:652:30)
    at Object.Module._extensions..js (module.js:663:10)
    at Module.load (module.js:565:32)
    at tryModuleLoad (module.js:505:12)
    at Function.Module._load (module.js:497:3)
    at Function.Module.runMain (module.js:693:10)
    at startup (bootstrap_node.js:191:16)
    at bootstrap_node.js:612:3
2019-02-03T19:48:21.341Z [31merror[39m: uncaughtException: morgan is not defined
ReferenceError: morgan is not defined
    at Object.<anonymous> (C:\Users\pc\Desktop\node\sequelizeApp\app.js:15:5)
    at Module._compile (module.js:652:30)
    at Object.Module._extensions..js (module.js:663:10)
    at Module.load (module.js:565:32)
    at tryModuleLoad (module.js:505:12)
    at Function.Module._load (module.js:497:3)
    at Module.require (module.js:596:17)
    at require (internal/module.js:11:18)
    at Object.<anonymous> (C:\Users\pc\Desktop\node\sequelizeApp\bin\www:7:11)
    at Module._compile (module.js:652:30)
    at Object.Module._extensions..js (module.js:663:10)
    at Module.load (module.js:565:32)
    at tryModuleLoad (module.js:505:12)
    at Function.Module._load (module.js:497:3)
    at Function.Module.runMain (module.js:693:10)
    at startup (bootstrap_node.js:191:16)
    at bootstrap_node.js:612:3
2019-02-03T19:48:49.646Z [32minfo[39m: ::1 - - [03/Feb/2019:19:48:49 +0000] "GET /authors HTTP/1.1" 400 - "-" "Mozilla/5.0 (Windows NT 10.0; Win64; x64) AppleWebKit/537.36 (KHTML, like Gecko) Chrome/71.0.3578.98 Safari/537.36"
2019-02-03T19:49:56.707Z [32minfo[39m: ::1 - - [03/Feb/2019:19:49:56 +0000] "GET /authors HTTP/1.1" 200 1130 "-" "Mozilla/5.0 (Windows NT 10.0; Win64; x64) AppleWebKit/537.36 (KHTML, like Gecko) Chrome/71.0.3578.98 Safari/537.36"
2019-02-03T19:50:11.435Z [32minfo[39m: ::1 - - [03/Feb/2019:19:50:11 +0000] "GET /books HTTP/1.1" 400 - "-" "Mozilla/5.0 (Windows NT 10.0; Win64; x64) AppleWebKit/537.36 (KHTML, like Gecko) Chrome/71.0.3578.98 Safari/537.36"
2019-02-03T19:51:00.085Z [32minfo[39m: ::1 - - [03/Feb/2019:19:51:00 +0000] "GET /books HTTP/1.1" 400 - "-" "Mozilla/5.0 (Windows NT 10.0; Win64; x64) AppleWebKit/537.36 (KHTML, like Gecko) Chrome/71.0.3578.98 Safari/537.36"
2019-02-03T19:51:15.487Z [32minfo[39m: ::1 - - [03/Feb/2019:19:51:15 +0000] "GET /books HTTP/1.1" 200 979 "-" "Mozilla/5.0 (Windows NT 10.0; Win64; x64) AppleWebKit/537.36 (KHTML, like Gecko) Chrome/71.0.3578.98 Safari/537.36"
2019-02-03T19:51:41.035Z [32minfo[39m: ::1 - - [03/Feb/2019:19:51:41 +0000] "GET /books/1 HTTP/1.1" 200 596 "-" "Mozilla/5.0 (Windows NT 10.0; Win64; x64) AppleWebKit/537.36 (KHTML, like Gecko) Chrome/71.0.3578.98 Safari/537.36"
2019-02-03T19:51:55.501Z [32minfo[39m: ::1 - - [03/Feb/2019:19:51:55 +0000] "GET /authors/1 HTTP/1.1" 200 370 "-" "Mozilla/5.0 (Windows NT 10.0; Win64; x64) AppleWebKit/537.36 (KHTML, like Gecko) Chrome/71.0.3578.98 Safari/537.36"
2019-02-03T19:52:24.407Z [32minfo[39m: ::1 - - [03/Feb/2019:19:52:24 +0000] "POST /authors HTTP/1.1" 201 108 "-" "Mozilla/5.0 (Windows NT 10.0; Win64; x64) AppleWebKit/537.36 (KHTML, like Gecko) Chrome/71.0.3578.98 Safari/537.36"
2019-02-03T19:52:33.488Z [32minfo[39m: ::1 - - [03/Feb/2019:19:52:33 +0000] "GET /authors HTTP/1.1" 200 1250 "-" "Mozilla/5.0 (Windows NT 10.0; Win64; x64) AppleWebKit/537.36 (KHTML, like Gecko) Chrome/71.0.3578.98 Safari/537.36"
2019-02-03T19:53:26.043Z [32minfo[39m: ::1 - - [03/Feb/2019:19:53:26 +0000] "POST /books HTTP/1.1" 201 156 "-" "Mozilla/5.0 (Windows NT 10.0; Win64; x64) AppleWebKit/537.36 (KHTML, like Gecko) Chrome/71.0.3578.98 Safari/537.36"
2019-02-03T19:53:37.222Z [32minfo[39m: ::1 - - [03/Feb/2019:19:53:37 +0000] "POST /books/3 HTTP/1.1" 404 2775 "-" "Mozilla/5.0 (Windows NT 10.0; Win64; x64) AppleWebKit/537.36 (KHTML, like Gecko) Chrome/71.0.3578.98 Safari/537.36"
2019-02-03T19:55:16.760Z [32minfo[39m: ::1 - - [03/Feb/2019:19:55:16 +0000] "GET /books HTTP/1.1" 200 1595 "-" "Mozilla/5.0 (Windows NT 10.0; Win64; x64) AppleWebKit/537.36 (KHTML, like Gecko) Chrome/71.0.3578.98 Safari/537.36"
2019-02-03T19:55:37.771Z [32minfo[39m: ::1 - - [03/Feb/2019:19:55:37 +0000] "POST /books/3 HTTP/1.1" 404 2775 "-" "Mozilla/5.0 (Windows NT 10.0; Win64; x64) AppleWebKit/537.36 (KHTML, like Gecko) Chrome/71.0.3578.98 Safari/537.36"
2019-02-03T19:57:09.409Z [32minfo[39m: ::1 - - [03/Feb/2019:19:57:09 +0000] "POST /books/3 HTTP/1.1" 404 9 "-" "Mozilla/5.0 (Windows NT 10.0; Win64; x64) AppleWebKit/537.36 (KHTML, like Gecko) Chrome/71.0.3578.98 Safari/537.36"
2019-02-03T19:58:53.610Z [32minfo[39m: ::1 - - [03/Feb/2019:19:58:53 +0000] "POST /books/3 HTTP/1.1" 404 9 "-" "Mozilla/5.0 (Windows NT 10.0; Win64; x64) AppleWebKit/537.36 (KHTML, like Gecko) Chrome/71.0.3578.98 Safari/537.36"
2019-02-03T20:00:09.049Z [32minfo[39m: ::1 - - [03/Feb/2019:20:00:09 +0000] "POST /books/3 HTTP/1.1" 404 9 "-" "Mozilla/5.0 (Windows NT 10.0; Win64; x64) AppleWebKit/537.36 (KHTML, like Gecko) Chrome/71.0.3578.98 Safari/537.36"
2019-02-03T20:00:10.519Z [32minfo[39m: ::1 - - [03/Feb/2019:20:00:10 +0000] "POST /books/3 HTTP/1.1" 404 9 "-" "Mozilla/5.0 (Windows NT 10.0; Win64; x64) AppleWebKit/537.36 (KHTML, like Gecko) Chrome/71.0.3578.98 Safari/537.36"
2019-02-03T20:00:18.209Z [32minfo[39m: ::1 - - [03/Feb/2019:20:00:18 +0000] "POST /books/1 HTTP/1.1" 404 9 "-" "Mozilla/5.0 (Windows NT 10.0; Win64; x64) AppleWebKit/537.36 (KHTML, like Gecko) Chrome/71.0.3578.98 Safari/537.36"
2019-02-03T20:00:21.235Z [32minfo[39m: ::1 - - [03/Feb/2019:20:00:21 +0000] "POST /books/2 HTTP/1.1" 404 9 "-" "Mozilla/5.0 (Windows NT 10.0; Win64; x64) AppleWebKit/537.36 (KHTML, like Gecko) Chrome/71.0.3578.98 Safari/537.36"
2019-02-03T20:01:05.035Z [32minfo[39m: ::1 - - [03/Feb/2019:20:01:05 +0000] "POST /books/2 HTTP/1.1" 404 9 "-" "Mozilla/5.0 (Windows NT 10.0; Win64; x64) AppleWebKit/537.36 (KHTML, like Gecko) Chrome/71.0.3578.98 Safari/537.36"
2019-02-03T20:01:52.665Z [32minfo[39m: ::1 - - [03/Feb/2019:20:01:52 +0000] "GET /books/2 HTTP/1.1" 200 380 "-" "Mozilla/5.0 (Windows NT 10.0; Win64; x64) AppleWebKit/537.36 (KHTML, like Gecko) Chrome/71.0.3578.98 Safari/537.36"
2019-02-03T20:01:57.458Z [32minfo[39m: ::1 - - [03/Feb/2019:20:01:57 +0000] "GET /books/3 HTTP/1.1" 200 615 "-" "Mozilla/5.0 (Windows NT 10.0; Win64; x64) AppleWebKit/537.36 (KHTML, like Gecko) Chrome/71.0.3578.98 Safari/537.36"
2019-02-03T20:04:43.792Z [31merror[39m: uncaughtException: Invalid shorthand property initializer
C:\Users\pc\Desktop\node\sequelizeApp\controllers\authors.js:48
    update = (req, res) => {
    ^^^^^^^^^^^^^^^^^^^^^^^^

SyntaxError: Invalid shorthand property initializer
    at createScript (vm.js:80:10)
    at Object.runInThisContext (vm.js:139:10)
    at Module._compile (module.js:616:28)
    at Object.Module._extensions..js (module.js:663:10)
    at Module.load (module.js:565:32)
    at tryModuleLoad (module.js:505:12)
    at Function.Module._load (module.js:497:3)
    at Module.require (module.js:596:17)
    at require (internal/module.js:11:18)
    at Object.<anonymous> (C:\Users\pc\Desktop\node\sequelizeApp\controllers\index.js:2:17)
    at Module._compile (module.js:652:30)
    at Object.Module._extensions..js (module.js:663:10)
    at Module.load (module.js:565:32)
    at tryModuleLoad (module.js:505:12)
    at Function.Module._load (module.js:497:3)
    at Module.require (module.js:596:17)
    at require (internal/module.js:11:18)
    at Object.<anonymous> (C:\Users\pc\Desktop\node\sequelizeApp\routes\books.js:3:24)
    at Module._compile (module.js:652:30)
    at Object.Module._extensions..js (module.js:663:10)
    at Module.load (module.js:565:32)
    at tryModuleLoad (module.js:505:12)
2019-02-03T20:05:31.290Z [31merror[39m: uncaughtException: Invalid shorthand property initializer
C:\Users\pc\Desktop\node\sequelizeApp\controllers\authors.js:48
    update = (req, res) => {
    ^^^^^^^^^^^^^^^^^^^^^^^^

SyntaxError: Invalid shorthand property initializer
    at createScript (vm.js:80:10)
    at Object.runInThisContext (vm.js:139:10)
    at Module._compile (module.js:616:28)
    at Object.Module._extensions..js (module.js:663:10)
    at Module.load (module.js:565:32)
    at tryModuleLoad (module.js:505:12)
    at Function.Module._load (module.js:497:3)
    at Module.require (module.js:596:17)
    at require (internal/module.js:11:18)
    at Object.<anonymous> (C:\Users\pc\Desktop\node\sequelizeApp\controllers\index.js:2:17)
    at Module._compile (module.js:652:30)
    at Object.Module._extensions..js (module.js:663:10)
    at Module.load (module.js:565:32)
    at tryModuleLoad (module.js:505:12)
    at Function.Module._load (module.js:497:3)
    at Module.require (module.js:596:17)
    at require (internal/module.js:11:18)
    at Object.<anonymous> (C:\Users\pc\Desktop\node\sequelizeApp\routes\books.js:3:24)
    at Module._compile (module.js:652:30)
    at Object.Module._extensions..js (module.js:663:10)
    at Module.load (module.js:565:32)
    at tryModuleLoad (module.js:505:12)
2019-02-03T20:07:17.662Z [32minfo[39m: ::1 - - [03/Feb/2019:20:07:17 +0000] "GET /authors HTTP/1.1" 200 1790 "-" "Mozilla/5.0 (Windows NT 10.0; Win64; x64) AppleWebKit/537.36 (KHTML, like Gecko) Chrome/71.0.3578.98 Safari/537.36"
2019-02-03T20:07:22.560Z [32minfo[39m: ::1 - - [03/Feb/2019:20:07:22 +0000] "GET /authors/1 HTTP/1.1" 200 370 "-" "Mozilla/5.0 (Windows NT 10.0; Win64; x64) AppleWebKit/537.36 (KHTML, like Gecko) Chrome/71.0.3578.98 Safari/537.36"
2019-02-03T20:07:59.949Z [32minfo[39m: ::1 - - [03/Feb/2019:20:07:59 +0000] "PUT /authors/1 HTTP/1.1" 201 107 "-" "Mozilla/5.0 (Windows NT 10.0; Win64; x64) AppleWebKit/537.36 (KHTML, like Gecko) Chrome/71.0.3578.98 Safari/537.36"
2019-02-03T20:08:13.335Z [32minfo[39m: ::1 - - [03/Feb/2019:20:08:13 +0000] "GET /authors HTTP/1.1" 200 1909 "-" "Mozilla/5.0 (Windows NT 10.0; Win64; x64) AppleWebKit/537.36 (KHTML, like Gecko) Chrome/71.0.3578.98 Safari/537.36"
2019-02-03T20:08:25.565Z [32minfo[39m: ::1 - - [03/Feb/2019:20:08:25 +0000] "DELETE /authors/5 HTTP/1.1" 404 9 "-" "Mozilla/5.0 (Windows NT 10.0; Win64; x64) AppleWebKit/537.36 (KHTML, like Gecko) Chrome/71.0.3578.98 Safari/537.36"
2019-02-03T20:08:29.179Z [32minfo[39m: ::1 - - [03/Feb/2019:20:08:29 +0000] "DELETE /authors/5 HTTP/1.1" 404 9 "-" "Mozilla/5.0 (Windows NT 10.0; Win64; x64) AppleWebKit/537.36 (KHTML, like Gecko) Chrome/71.0.3578.98 Safari/537.36"
2019-02-03T20:08:34.264Z [32minfo[39m: ::1 - - [03/Feb/2019:20:08:34 +0000] "GET /authors/5 HTTP/1.1" 200 118 "-" "Mozilla/5.0 (Windows NT 10.0; Win64; x64) AppleWebKit/537.36 (KHTML, like Gecko) Chrome/71.0.3578.98 Safari/537.36"
2019-02-03T20:09:09.519Z [32minfo[39m: ::1 - - [03/Feb/2019:20:09:09 +0000] "GET /authors/5 HTTP/1.1" 200 118 "-" "Mozilla/5.0 (Windows NT 10.0; Win64; x64) AppleWebKit/537.36 (KHTML, like Gecko) Chrome/71.0.3578.98 Safari/537.36"
2019-02-03T20:09:12.321Z [32minfo[39m: ::1 - - [03/Feb/2019:20:09:12 +0000] "GET /authors/5 HTTP/1.1" 200 118 "-" "Mozilla/5.0 (Windows NT 10.0; Win64; x64) AppleWebKit/537.36 (KHTML, like Gecko) Chrome/71.0.3578.98 Safari/537.36"
2019-02-03T20:09:19.646Z [32minfo[39m: ::1 - - [03/Feb/2019:20:09:19 +0000] "DELETE /authors/5 HTTP/1.1" 400 11 "-" "Mozilla/5.0 (Windows NT 10.0; Win64; x64) AppleWebKit/537.36 (KHTML, like Gecko) Chrome/71.0.3578.98 Safari/537.36"
2019-02-03T20:09:39.879Z [32minfo[39m: ::1 - - [03/Feb/2019:20:09:39 +0000] "DELETE /authors/5 HTTP/1.1" 400 11 "-" "Mozilla/5.0 (Windows NT 10.0; Win64; x64) AppleWebKit/537.36 (KHTML, like Gecko) Chrome/71.0.3578.98 Safari/537.36"
2019-02-03T20:10:56.507Z [32minfo[39m: ::1 - - [03/Feb/2019:20:10:56 +0000] "DELETE /authors/5 HTTP/1.1" 400 11 "-" "Mozilla/5.0 (Windows NT 10.0; Win64; x64) AppleWebKit/537.36 (KHTML, like Gecko) Chrome/71.0.3578.98 Safari/537.36"
2019-02-03T20:12:39.967Z [32minfo[39m: ::1 - - [03/Feb/2019:20:12:39 +0000] "DELETE /authors/5 HTTP/1.1" 400 11 "-" "Mozilla/5.0 (Windows NT 10.0; Win64; x64) AppleWebKit/537.36 (KHTML, like Gecko) Chrome/71.0.3578.98 Safari/537.36"
2019-02-03T20:13:20.642Z [32minfo[39m: ::1 - - [03/Feb/2019:20:13:20 +0000] "DELETE /authors/5 HTTP/1.1" 400 11 "-" "Mozilla/5.0 (Windows NT 10.0; Win64; x64) AppleWebKit/537.36 (KHTML, like Gecko) Chrome/71.0.3578.98 Safari/537.36"
2019-02-03T20:14:41.847Z [32minfo[39m: ::1 - - [03/Feb/2019:20:14:41 +0000] "GET /authors HTTP/1.1" 200 1909 "-" "Mozilla/5.0 (Windows NT 10.0; Win64; x64) AppleWebKit/537.36 (KHTML, like Gecko) Chrome/71.0.3578.98 Safari/537.36"
2019-02-03T20:14:56.246Z [32minfo[39m: ::1 - - [03/Feb/2019:20:14:56 +0000] "DELETE /authors/5 HTTP/1.1" 400 11 "-" "Mozilla/5.0 (Windows NT 10.0; Win64; x64) AppleWebKit/537.36 (KHTML, like Gecko) Chrome/71.0.3578.98 Safari/537.36"
2019-02-03T20:16:12.060Z [32minfo[39m: ::1 - - [03/Feb/2019:20:16:12 +0000] "DELETE /authors/5 HTTP/1.1" 400 11 "-" "Mozilla/5.0 (Windows NT 10.0; Win64; x64) AppleWebKit/537.36 (KHTML, like Gecko) Chrome/71.0.3578.98 Safari/537.36"
2019-02-03T20:16:27.505Z [32minfo[39m: ::1 - - [03/Feb/2019:20:16:27 +0000] "GET /books HTTP/1.1" 200 1595 "-" "Mozilla/5.0 (Windows NT 10.0; Win64; x64) AppleWebKit/537.36 (KHTML, like Gecko) Chrome/71.0.3578.98 Safari/537.36"
2019-02-03T20:16:37.674Z [32minfo[39m: ::1 - - [03/Feb/2019:20:16:37 +0000] "GET /books/3 HTTP/1.1" 200 615 "-" "Mozilla/5.0 (Windows NT 10.0; Win64; x64) AppleWebKit/537.36 (KHTML, like Gecko) Chrome/71.0.3578.98 Safari/537.36"
2019-02-03T20:16:45.542Z [32minfo[39m: ::1 - - [03/Feb/2019:20:16:45 +0000] "DELETE /books/3 HTTP/1.1" 204 - "-" "Mozilla/5.0 (Windows NT 10.0; Win64; x64) AppleWebKit/537.36 (KHTML, like Gecko) Chrome/71.0.3578.98 Safari/537.36"
2019-02-03T20:16:55.606Z [32minfo[39m: ::1 - - [03/Feb/2019:20:16:55 +0000] "GET /books/3 HTTP/1.1" 404 9 "-" "Mozilla/5.0 (Windows NT 10.0; Win64; x64) AppleWebKit/537.36 (KHTML, like Gecko) Chrome/71.0.3578.98 Safari/537.36"
2019-02-03T20:17:01.530Z [32minfo[39m: ::1 - - [03/Feb/2019:20:17:01 +0000] "GET /authors/5 HTTP/1.1" 200 118 "-" "Mozilla/5.0 (Windows NT 10.0; Win64; x64) AppleWebKit/537.36 (KHTML, like Gecko) Chrome/71.0.3578.98 Safari/537.36"
2019-02-03T20:17:07.630Z [32minfo[39m: ::1 - - [03/Feb/2019:20:17:07 +0000] "DELETE /authors/5 HTTP/1.1" 400 11 "-" "Mozilla/5.0 (Windows NT 10.0; Win64; x64) AppleWebKit/537.36 (KHTML, like Gecko) Chrome/71.0.3578.98 Safari/537.36"
2019-02-03T20:17:16.653Z [32minfo[39m: ::1 - - [03/Feb/2019:20:17:16 +0000] "GET /authors/5 HTTP/1.1" 200 118 "-" "Mozilla/5.0 (Windows NT 10.0; Win64; x64) AppleWebKit/537.36 (KHTML, like Gecko) Chrome/71.0.3578.98 Safari/537.36"
2019-02-03T20:17:25.736Z [32minfo[39m: ::1 - - [03/Feb/2019:20:17:25 +0000] "GET /authors/3 HTTP/1.1" 200 120 "-" "Mozilla/5.0 (Windows NT 10.0; Win64; x64) AppleWebKit/537.36 (KHTML, like Gecko) Chrome/71.0.3578.98 Safari/537.36"
2019-02-03T20:17:28.926Z [32minfo[39m: ::1 - - [03/Feb/2019:20:17:28 +0000] "DELETE /authors/3 HTTP/1.1" 400 11 "-" "Mozilla/5.0 (Windows NT 10.0; Win64; x64) AppleWebKit/537.36 (KHTML, like Gecko) Chrome/71.0.3578.98 Safari/537.36"
2019-02-03T20:19:04.764Z [32minfo[39m: ::1 - - [03/Feb/2019:20:19:04 +0000] "DELETE /authors/5 HTTP/1.1" 400 11 "-" "Mozilla/5.0 (Windows NT 10.0; Win64; x64) AppleWebKit/537.36 (KHTML, like Gecko) Chrome/71.0.3578.98 Safari/537.36"
2019-02-03T20:19:57.615Z [32minfo[39m: ::1 - - [03/Feb/2019:20:19:57 +0000] "DELETE /authors/5 HTTP/1.1" 500 2 "-" "Mozilla/5.0 (Windows NT 10.0; Win64; x64) AppleWebKit/537.36 (KHTML, like Gecko) Chrome/71.0.3578.98 Safari/537.36"
2019-02-03T20:20:18.734Z [32minfo[39m: ::1 - - [03/Feb/2019:20:20:18 +0000] "DELETE /authors/5 HTTP/1.1" 204 - "-" "Mozilla/5.0 (Windows NT 10.0; Win64; x64) AppleWebKit/537.36 (KHTML, like Gecko) Chrome/71.0.3578.98 Safari/537.36"
2019-02-03T20:20:24.728Z [32minfo[39m: ::1 - - [03/Feb/2019:20:20:24 +0000] "GET /authors/5 HTTP/1.1" 404 9 "-" "Mozilla/5.0 (Windows NT 10.0; Win64; x64) AppleWebKit/537.36 (KHTML, like Gecko) Chrome/71.0.3578.98 Safari/537.36"
2019-02-03T20:20:47.151Z [32minfo[39m: ::1 - - [03/Feb/2019:20:20:47 +0000] "GET /authors/4 HTTP/1.1" 200 119 "-" "Mozilla/5.0 (Windows NT 10.0; Win64; x64) AppleWebKit/537.36 (KHTML, like Gecko) Chrome/71.0.3578.98 Safari/537.36"
2019-02-03T20:21:01.365Z [32minfo[39m: ::1 - - [03/Feb/2019:20:21:01 +0000] "PUT /authors/4 HTTP/1.1" 201 109 "-" "Mozilla/5.0 (Windows NT 10.0; Win64; x64) AppleWebKit/537.36 (KHTML, like Gecko) Chrome/71.0.3578.98 Safari/537.36"
2019-02-03T20:21:11.893Z [32minfo[39m: ::1 - - [03/Feb/2019:20:21:11 +0000] "GET /authors HTTP/1.1" 200 1371 "-" "Mozilla/5.0 (Windows NT 10.0; Win64; x64) AppleWebKit/537.36 (KHTML, like Gecko) Chrome/71.0.3578.98 Safari/537.36"
2019-02-03T20:22:54.115Z [32minfo[39m: ::1 - - [03/Feb/2019:20:22:54 +0000] "GET /authors/4 HTTP/1.1" 200 119 "-" "Mozilla/5.0 (Windows NT 10.0; Win64; x64) AppleWebKit/537.36 (KHTML, like Gecko) Chrome/71.0.3578.98 Safari/537.36"
2019-02-03T20:23:11.739Z [32minfo[39m: ::1 - - [03/Feb/2019:20:23:11 +0000] "PUT /authors/4 HTTP/1.1" 201 107 "-" "Mozilla/5.0 (Windows NT 10.0; Win64; x64) AppleWebKit/537.36 (KHTML, like Gecko) Chrome/71.0.3578.98 Safari/537.36"
2019-02-03T20:23:50.185Z [32minfo[39m: ::1 - - [03/Feb/2019:20:23:50 +0000] "PUT /authors/4 HTTP/1.1" 200 48 "-" "Mozilla/5.0 (Windows NT 10.0; Win64; x64) AppleWebKit/537.36 (KHTML, like Gecko) Chrome/71.0.3578.98 Safari/537.36"
2019-02-03T20:24:31.369Z [32minfo[39m: ::1 - - [03/Feb/2019:20:24:31 +0000] "PUT /authors/4 HTTP/1.1" 200 107 "-" "Mozilla/5.0 (Windows NT 10.0; Win64; x64) AppleWebKit/537.36 (KHTML, like Gecko) Chrome/71.0.3578.98 Safari/537.36"
2019-02-03T20:24:36.897Z [32minfo[39m: ::1 - - [03/Feb/2019:20:24:36 +0000] "PUT /authors/4 HTTP/1.1" 200 99 "-" "Mozilla/5.0 (Windows NT 10.0; Win64; x64) AppleWebKit/537.36 (KHTML, like Gecko) Chrome/71.0.3578.98 Safari/537.36"
2019-02-03T20:26:14.451Z [31merror[39m: uncaughtException: Unexpected number
C:\Users\pc\Desktop\node\sequelizeApp\controllers\books.js:25
                book_id 5,
                        ^

SyntaxError: Unexpected number
    at createScript (vm.js:80:10)
    at Object.runInThisContext (vm.js:139:10)
    at Module._compile (module.js:616:28)
    at Object.Module._extensions..js (module.js:663:10)
    at Module.load (module.js:565:32)
    at tryModuleLoad (module.js:505:12)
    at Function.Module._load (module.js:497:3)
    at Module.require (module.js:596:17)
    at require (internal/module.js:11:18)
    at Object.<anonymous> (C:\Users\pc\Desktop\node\sequelizeApp\controllers\index.js:1:77)
2019-02-03T20:26:22.004Z [31merror[39m: uncaughtException: Unexpected number
C:\Users\pc\Desktop\node\sequelizeApp\controllers\books.js:25
                book_id 5,
                        ^

SyntaxError: Unexpected number
    at createScript (vm.js:80:10)
    at Object.runInThisContext (vm.js:139:10)
    at Module._compile (module.js:616:28)
    at Object.Module._extensions..js (module.js:663:10)
    at Module.load (module.js:565:32)
    at tryModuleLoad (module.js:505:12)
    at Function.Module._load (module.js:497:3)
    at Module.require (module.js:596:17)
    at require (internal/module.js:11:18)
    at Object.<anonymous> (C:\Users\pc\Desktop\node\sequelizeApp\controllers\index.js:1:77)
2019-02-03T20:26:36.657Z [31merror[39m: uncaughtException: Invalid shorthand property initializer
C:\Users\pc\Desktop\node\sequelizeApp\controllers\books.js:52
    update = (req, res) => {
    ^^^^^^^^^^^^^^^^^^^^^^^^

SyntaxError: Invalid shorthand property initializer
    at createScript (vm.js:80:10)
    at Object.runInThisContext (vm.js:139:10)
    at Module._compile (module.js:616:28)
    at Object.Module._extensions..js (module.js:663:10)
    at Module.load (module.js:565:32)
    at tryModuleLoad (module.js:505:12)
    at Function.Module._load (module.js:497:3)
    at Module.require (module.js:596:17)
    at require (internal/module.js:11:18)
    at Object.<anonymous> (C:\Users\pc\Desktop\node\sequelizeApp\controllers\index.js:1:77)
2019-02-03T20:30:51.101Z [31merror[39m: uncaughtException: Unexpected token ,
C:\Users\pc\Desktop\node\sequelizeApp\controllers\books.js:69
        Books.update(,
                     ^

SyntaxError: Unexpected token ,
    at createScript (vm.js:80:10)
    at Object.runInThisContext (vm.js:139:10)
    at Module._compile (module.js:616:28)
    at Object.Module._extensions..js (module.js:663:10)
    at Module.load (module.js:565:32)
    at tryModuleLoad (module.js:505:12)
    at Function.Module._load (module.js:497:3)
    at Module.require (module.js:596:17)
    at require (internal/module.js:11:18)
    at Object.<anonymous> (C:\Users\pc\Desktop\node\sequelizeApp\controllers\index.js:1:77)
2019-02-03T20:30:59.915Z [32minfo[39m: ::1 - - [03/Feb/2019:20:30:59 +0000] "GET /books/3 HTTP/1.1" 404 9 "-" "Mozilla/5.0 (Windows NT 10.0; Win64; x64) AppleWebKit/537.36 (KHTML, like Gecko) Chrome/71.0.3578.98 Safari/537.36"
2019-02-03T20:31:03.819Z [32minfo[39m: ::1 - - [03/Feb/2019:20:31:03 +0000] "GET /books/1 HTTP/1.1" 200 596 "-" "Mozilla/5.0 (Windows NT 10.0; Win64; x64) AppleWebKit/537.36 (KHTML, like Gecko) Chrome/71.0.3578.98 Safari/537.36"
2019-02-03T20:31:22.525Z [32minfo[39m: ::1 - - [03/Feb/2019:20:31:22 +0000] "GET /books/5 HTTP/1.1" 404 9 "-" "Mozilla/5.0 (Windows NT 10.0; Win64; x64) AppleWebKit/537.36 (KHTML, like Gecko) Chrome/71.0.3578.98 Safari/537.36"
2019-02-03T20:31:26.174Z [32minfo[39m: ::1 - - [03/Feb/2019:20:31:26 +0000] "GET /books HTTP/1.1" 200 979 "-" "Mozilla/5.0 (Windows NT 10.0; Win64; x64) AppleWebKit/537.36 (KHTML, like Gecko) Chrome/71.0.3578.98 Safari/537.36"
2019-02-03T20:31:32.602Z [32minfo[39m: ::1 - - [03/Feb/2019:20:31:32 +0000] "GET /books/2 HTTP/1.1" 200 380 "-" "Mozilla/5.0 (Windows NT 10.0; Win64; x64) AppleWebKit/537.36 (KHTML, like Gecko) Chrome/71.0.3578.98 Safari/537.36"
2019-02-03T20:31:52.517Z [32minfo[39m: ::1 - - [03/Feb/2019:20:31:52 +0000] "PUT /books/2 HTTP/1.1" 404 9 "-" "Mozilla/5.0 (Windows NT 10.0; Win64; x64) AppleWebKit/537.36 (KHTML, like Gecko) Chrome/71.0.3578.98 Safari/537.36"
2019-02-03T20:33:02.095Z [32minfo[39m: ::1 - - [03/Feb/2019:20:33:02 +0000] "PUT /books/2 HTTP/1.1" 404 9 "-" "Mozilla/5.0 (Windows NT 10.0; Win64; x64) AppleWebKit/537.36 (KHTML, like Gecko) Chrome/71.0.3578.98 Safari/537.36"
2019-02-03T20:33:18.110Z [32minfo[39m: ::1 - - [03/Feb/2019:20:33:18 +0000] "PUT /books/2 HTTP/1.1" 400 - "-" "Mozilla/5.0 (Windows NT 10.0; Win64; x64) AppleWebKit/537.36 (KHTML, like Gecko) Chrome/71.0.3578.98 Safari/537.36"
2019-02-03T20:33:36.874Z [32minfo[39m: ::1 - - [03/Feb/2019:20:33:36 +0000] "PUT /books/2 HTTP/1.1" 400 - "-" "Mozilla/5.0 (Windows NT 10.0; Win64; x64) AppleWebKit/537.36 (KHTML, like Gecko) Chrome/71.0.3578.98 Safari/537.36"
2019-02-03T20:33:57.898Z [32minfo[39m: ::1 - - [03/Feb/2019:20:33:57 +0000] "PUT /authors HTTP/1.1" 404 9 "-" "Mozilla/5.0 (Windows NT 10.0; Win64; x64) AppleWebKit/537.36 (KHTML, like Gecko) Chrome/71.0.3578.98 Safari/537.36"
2019-02-03T20:34:01.980Z [32minfo[39m: ::1 - - [03/Feb/2019:20:34:01 +0000] "GET /authors HTTP/1.1" 200 1481 "-" "Mozilla/5.0 (Windows NT 10.0; Win64; x64) AppleWebKit/537.36 (KHTML, like Gecko) Chrome/71.0.3578.98 Safari/537.36"
2019-02-03T20:34:12.801Z [32minfo[39m: ::1 - - [03/Feb/2019:20:34:12 +0000] "PUT /books/2 HTTP/1.1" 400 - "-" "Mozilla/5.0 (Windows NT 10.0; Win64; x64) AppleWebKit/537.36 (KHTML, like Gecko) Chrome/71.0.3578.98 Safari/537.36"
2019-02-03T20:34:29.288Z [32minfo[39m: ::1 - - [03/Feb/2019:20:34:29 +0000] "PUT /books/2 HTTP/1.1" 200 156 "-" "Mozilla/5.0 (Windows NT 10.0; Win64; x64) AppleWebKit/537.36 (KHTML, like Gecko) Chrome/71.0.3578.98 Safari/537.36"
2019-02-03T20:34:35.417Z [32minfo[39m: ::1 - - [03/Feb/2019:20:34:35 +0000] "GET /authors HTTP/1.1" 200 1762 "-" "Mozilla/5.0 (Windows NT 10.0; Win64; x64) AppleWebKit/537.36 (KHTML, like Gecko) Chrome/71.0.3578.98 Safari/537.36"
2019-02-03T20:34:41.169Z [32minfo[39m: ::1 - - [03/Feb/2019:20:34:41 +0000] "GET /books/2 HTTP/1.1" 200 614 "-" "Mozilla/5.0 (Windows NT 10.0; Win64; x64) AppleWebKit/537.36 (KHTML, like Gecko) Chrome/71.0.3578.98 Safari/537.36"
2019-02-03T20:43:24.204Z [31merror[39m: uncaughtException: sc is not defined
ReferenceError: sc is not defined
    at Object.<anonymous> (C:\Users\pc\Desktop\node\sequelizeApp\app.js:23:1)
    at Module._compile (module.js:652:30)
    at Object.Module._extensions..js (module.js:663:10)
    at Module.load (module.js:565:32)
    at tryModuleLoad (module.js:505:12)
    at Function.Module._load (module.js:497:3)
    at Module.require (module.js:596:17)
    at require (internal/module.js:11:18)
    at Object.<anonymous> (C:\Users\pc\Desktop\node\sequelizeApp\bin\www:7:11)
    at Module._compile (module.js:652:30)
    at Object.Module._extensions..js (module.js:663:10)
    at Module.load (module.js:565:32)
    at tryModuleLoad (module.js:505:12)
    at Function.Module._load (module.js:497:3)
    at Function.Module.runMain (module.js:693:10)
    at startup (bootstrap_node.js:191:16)
    at bootstrap_node.js:612:3
